[2023-02-15 21:22:47,483] {dag_processing.py:590} INFO - Processing files using up to 2 processes at a time 
[2023-02-15 21:22:47,485] {dag_processing.py:591} INFO - Process each file at most once every 30 seconds
[2023-02-15 21:22:47,487] {dag_processing.py:593} INFO - Checking for new files in /opt/airflow/dags every 300 seconds
[2023-02-15 21:22:47,489] {dag_processing.py:731} INFO - Searching for files in /opt/airflow/dags
[2023-02-15 21:22:47,492] {dag_processing.py:734} INFO - There are 0 files in /opt/airflow/dags
[2023-02-15 21:22:47,511] {dag_processing.py:1071} INFO - Finding 'running' jobs without a recent heartbeat
[2023-02-15 21:22:47,513] {dag_processing.py:1075} INFO - Failing jobs without heartbeat after 2023-02-15 21:17:47.513311+00:00
[2023-02-15 21:22:58,508] {dag_processing.py:1071} INFO - Finding 'running' jobs without a recent heartbeat
[2023-02-15 21:22:58,509] {dag_processing.py:1075} INFO - Failing jobs without heartbeat after 2023-02-15 21:17:58.509868+00:00
[2023-02-15 21:23:08,545] {dag_processing.py:1071} INFO - Finding 'running' jobs without a recent heartbeat
[2023-02-15 21:23:08,547] {dag_processing.py:1075} INFO - Failing jobs without heartbeat after 2023-02-15 21:18:08.547865+00:00
[2023-02-15 21:23:18,590] {dag_processing.py:1071} INFO - Finding 'running' jobs without a recent heartbeat
[2023-02-15 21:23:18,591] {dag_processing.py:1075} INFO - Failing jobs without heartbeat after 2023-02-15 21:18:18.591663+00:00
[2023-02-15 21:23:28,602] {dag_processing.py:1071} INFO - Finding 'running' jobs without a recent heartbeat
[2023-02-15 21:23:28,603] {dag_processing.py:1075} INFO - Failing jobs without heartbeat after 2023-02-15 21:18:28.603822+00:00
[2023-02-15 21:23:38,643] {dag_processing.py:1071} INFO - Finding 'running' jobs without a recent heartbeat
[2023-02-15 21:23:38,645] {dag_processing.py:1075} INFO - Failing jobs without heartbeat after 2023-02-15 21:18:38.645126+00:00
[2023-02-15 21:23:48,662] {dag_processing.py:1071} INFO - Finding 'running' jobs without a recent heartbeat
[2023-02-15 21:23:48,665] {dag_processing.py:1075} INFO - Failing jobs without heartbeat after 2023-02-15 21:18:48.665173+00:00
[2023-02-15 21:23:58,700] {dag_processing.py:1071} INFO - Finding 'running' jobs without a recent heartbeat
[2023-02-15 21:23:58,702] {dag_processing.py:1075} INFO - Failing jobs without heartbeat after 2023-02-15 21:18:58.702461+00:00
[2023-02-15 21:24:08,739] {dag_processing.py:1071} INFO - Finding 'running' jobs without a recent heartbeat
[2023-02-15 21:24:08,741] {dag_processing.py:1075} INFO - Failing jobs without heartbeat after 2023-02-15 21:19:08.741323+00:00
[2023-02-15 21:24:18,769] {dag_processing.py:1071} INFO - Finding 'running' jobs without a recent heartbeat
[2023-02-15 21:24:18,772] {dag_processing.py:1075} INFO - Failing jobs without heartbeat after 2023-02-15 21:19:18.772013+00:00
[2023-02-15 21:24:28,333] {dag_processing.py:571} INFO - Exiting gracefully upon receiving signal 15
[2023-02-15 21:24:50,637] {dag_processing.py:590} INFO - Processing files using up to 2 processes at a time 
[2023-02-15 21:24:50,638] {dag_processing.py:591} INFO - Process each file at most once every 30 seconds
[2023-02-15 21:24:50,639] {dag_processing.py:593} INFO - Checking for new files in /opt/airflow/dags every 300 seconds
[2023-02-15 21:24:50,640] {dag_processing.py:731} INFO - Searching for files in /opt/airflow/dags
[2023-02-15 21:24:50,641] {dag_processing.py:734} INFO - There are 0 files in /opt/airflow/dags
[2023-02-15 21:24:50,664] {dag_processing.py:1071} INFO - Finding 'running' jobs without a recent heartbeat
[2023-02-15 21:24:50,665] {dag_processing.py:1075} INFO - Failing jobs without heartbeat after 2023-02-15 21:19:50.665602+00:00
[2023-02-15 21:25:00,680] {dag_processing.py:1071} INFO - Finding 'running' jobs without a recent heartbeat
[2023-02-15 21:25:00,682] {dag_processing.py:1075} INFO - Failing jobs without heartbeat after 2023-02-15 21:20:00.682075+00:00
[2023-02-15 21:25:10,732] {dag_processing.py:1071} INFO - Finding 'running' jobs without a recent heartbeat
[2023-02-15 21:25:10,735] {dag_processing.py:1075} INFO - Failing jobs without heartbeat after 2023-02-15 21:20:10.735623+00:00
[2023-02-15 21:25:20,765] {dag_processing.py:1071} INFO - Finding 'running' jobs without a recent heartbeat
[2023-02-15 21:25:20,769] {dag_processing.py:1075} INFO - Failing jobs without heartbeat after 2023-02-15 21:20:20.769529+00:00
[2023-02-15 21:25:30,816] {dag_processing.py:1071} INFO - Finding 'running' jobs without a recent heartbeat
[2023-02-15 21:25:30,819] {dag_processing.py:1075} INFO - Failing jobs without heartbeat after 2023-02-15 21:20:30.819952+00:00
[2023-02-15 21:25:40,865] {dag_processing.py:1071} INFO - Finding 'running' jobs without a recent heartbeat
[2023-02-15 21:25:40,868] {dag_processing.py:1075} INFO - Failing jobs without heartbeat after 2023-02-15 21:20:40.868825+00:00
[2023-02-15 21:25:50,903] {dag_processing.py:1071} INFO - Finding 'running' jobs without a recent heartbeat
[2023-02-15 21:25:50,908] {dag_processing.py:1075} INFO - Failing jobs without heartbeat after 2023-02-15 21:20:50.908490+00:00
[2023-02-15 21:26:00,952] {dag_processing.py:1071} INFO - Finding 'running' jobs without a recent heartbeat
[2023-02-15 21:26:00,954] {dag_processing.py:1075} INFO - Failing jobs without heartbeat after 2023-02-15 21:21:00.954601+00:00
[2023-02-15 21:26:11,000] {dag_processing.py:1071} INFO - Finding 'running' jobs without a recent heartbeat
[2023-02-15 21:26:11,004] {dag_processing.py:1075} INFO - Failing jobs without heartbeat after 2023-02-15 21:21:11.004701+00:00
[2023-02-15 21:26:21,048] {dag_processing.py:1071} INFO - Finding 'running' jobs without a recent heartbeat
[2023-02-15 21:26:21,050] {dag_processing.py:1075} INFO - Failing jobs without heartbeat after 2023-02-15 21:21:21.050887+00:00
[2023-02-15 21:26:31,084] {dag_processing.py:1071} INFO - Finding 'running' jobs without a recent heartbeat
[2023-02-15 21:26:31,087] {dag_processing.py:1075} INFO - Failing jobs without heartbeat after 2023-02-15 21:21:31.087150+00:00
[2023-02-15 21:26:41,124] {dag_processing.py:1071} INFO - Finding 'running' jobs without a recent heartbeat
[2023-02-15 21:26:41,128] {dag_processing.py:1075} INFO - Failing jobs without heartbeat after 2023-02-15 21:21:41.128453+00:00
[2023-02-15 21:26:51,159] {dag_processing.py:1071} INFO - Finding 'running' jobs without a recent heartbeat
[2023-02-15 21:26:51,161] {dag_processing.py:1075} INFO - Failing jobs without heartbeat after 2023-02-15 21:21:51.161306+00:00
[2023-02-15 21:27:01,182] {dag_processing.py:1071} INFO - Finding 'running' jobs without a recent heartbeat
[2023-02-15 21:27:01,184] {dag_processing.py:1075} INFO - Failing jobs without heartbeat after 2023-02-15 21:22:01.184242+00:00
[2023-02-15 21:27:09,407] {dag_processing.py:571} INFO - Exiting gracefully upon receiving signal 15
[2023-02-15 21:27:29,151] {dag_processing.py:590} INFO - Processing files using up to 2 processes at a time 
[2023-02-15 21:27:29,152] {dag_processing.py:591} INFO - Process each file at most once every 30 seconds
[2023-02-15 21:27:29,153] {dag_processing.py:593} INFO - Checking for new files in /opt/airflow/dags every 300 seconds
[2023-02-15 21:27:29,154] {dag_processing.py:731} INFO - Searching for files in /opt/airflow/dags
[2023-02-15 21:27:29,156] {dag_processing.py:734} INFO - There are 0 files in /opt/airflow/dags
[2023-02-15 21:27:29,179] {dag_processing.py:1071} INFO - Finding 'running' jobs without a recent heartbeat
[2023-02-15 21:27:29,180] {dag_processing.py:1075} INFO - Failing jobs without heartbeat after 2023-02-15 21:22:29.180667+00:00
[2023-02-15 21:27:39,199] {dag_processing.py:1071} INFO - Finding 'running' jobs without a recent heartbeat
[2023-02-15 21:27:39,201] {dag_processing.py:1075} INFO - Failing jobs without heartbeat after 2023-02-15 21:22:39.201027+00:00
[2023-02-15 21:27:49,226] {dag_processing.py:1071} INFO - Finding 'running' jobs without a recent heartbeat
[2023-02-15 21:27:49,230] {dag_processing.py:1075} INFO - Failing jobs without heartbeat after 2023-02-15 21:22:49.230693+00:00
[2023-02-15 21:27:59,297] {dag_processing.py:1071} INFO - Finding 'running' jobs without a recent heartbeat
[2023-02-15 21:27:59,301] {dag_processing.py:1075} INFO - Failing jobs without heartbeat after 2023-02-15 21:22:59.301446+00:00
[2023-02-15 21:28:09,342] {dag_processing.py:1071} INFO - Finding 'running' jobs without a recent heartbeat
[2023-02-15 21:28:09,345] {dag_processing.py:1075} INFO - Failing jobs without heartbeat after 2023-02-15 21:23:09.345066+00:00
[2023-02-15 21:28:19,369] {dag_processing.py:1071} INFO - Finding 'running' jobs without a recent heartbeat
[2023-02-15 21:28:19,372] {dag_processing.py:1075} INFO - Failing jobs without heartbeat after 2023-02-15 21:23:19.372603+00:00
[2023-02-15 21:28:29,409] {dag_processing.py:1071} INFO - Finding 'running' jobs without a recent heartbeat
[2023-02-15 21:28:29,412] {dag_processing.py:1075} INFO - Failing jobs without heartbeat after 2023-02-15 21:23:29.412012+00:00
[2023-02-15 21:28:39,451] {dag_processing.py:1071} INFO - Finding 'running' jobs without a recent heartbeat
[2023-02-15 21:28:39,453] {dag_processing.py:1075} INFO - Failing jobs without heartbeat after 2023-02-15 21:23:39.453254+00:00
[2023-02-15 21:28:49,477] {dag_processing.py:1071} INFO - Finding 'running' jobs without a recent heartbeat
[2023-02-15 21:28:49,480] {dag_processing.py:1075} INFO - Failing jobs without heartbeat after 2023-02-15 21:23:49.480506+00:00
[2023-02-15 21:28:59,537] {dag_processing.py:1071} INFO - Finding 'running' jobs without a recent heartbeat
[2023-02-15 21:28:59,541] {dag_processing.py:1075} INFO - Failing jobs without heartbeat after 2023-02-15 21:23:59.540967+00:00
[2023-02-15 21:29:09,579] {dag_processing.py:1071} INFO - Finding 'running' jobs without a recent heartbeat
[2023-02-15 21:29:09,580] {dag_processing.py:1075} INFO - Failing jobs without heartbeat after 2023-02-15 21:24:09.580895+00:00
[2023-02-15 21:29:19,591] {dag_processing.py:1071} INFO - Finding 'running' jobs without a recent heartbeat
[2023-02-15 21:29:19,594] {dag_processing.py:1075} INFO - Failing jobs without heartbeat after 2023-02-15 21:24:19.594088+00:00
[2023-02-15 21:29:29,632] {dag_processing.py:1071} INFO - Finding 'running' jobs without a recent heartbeat
[2023-02-15 21:29:29,635] {dag_processing.py:1075} INFO - Failing jobs without heartbeat after 2023-02-15 21:24:29.635325+00:00
[2023-02-15 21:29:39,677] {dag_processing.py:1071} INFO - Finding 'running' jobs without a recent heartbeat
[2023-02-15 21:29:39,679] {dag_processing.py:1075} INFO - Failing jobs without heartbeat after 2023-02-15 21:24:39.679050+00:00
[2023-02-15 21:29:49,695] {dag_processing.py:1071} INFO - Finding 'running' jobs without a recent heartbeat
[2023-02-15 21:29:49,698] {dag_processing.py:1075} INFO - Failing jobs without heartbeat after 2023-02-15 21:24:49.698343+00:00
[2023-02-15 21:29:59,748] {dag_processing.py:1071} INFO - Finding 'running' jobs without a recent heartbeat
[2023-02-15 21:29:59,750] {dag_processing.py:1075} INFO - Failing jobs without heartbeat after 2023-02-15 21:24:59.750092+00:00
[2023-02-15 21:30:09,790] {dag_processing.py:1071} INFO - Finding 'running' jobs without a recent heartbeat
[2023-02-15 21:30:09,792] {dag_processing.py:1075} INFO - Failing jobs without heartbeat after 2023-02-15 21:25:09.792762+00:00
[2023-02-15 21:30:19,816] {dag_processing.py:1071} INFO - Finding 'running' jobs without a recent heartbeat
[2023-02-15 21:30:19,820] {dag_processing.py:1075} INFO - Failing jobs without heartbeat after 2023-02-15 21:25:19.820572+00:00
[2023-02-15 21:30:29,862] {dag_processing.py:1071} INFO - Finding 'running' jobs without a recent heartbeat
[2023-02-15 21:30:29,865] {dag_processing.py:1075} INFO - Failing jobs without heartbeat after 2023-02-15 21:25:29.865335+00:00
[2023-02-15 21:30:39,910] {dag_processing.py:1071} INFO - Finding 'running' jobs without a recent heartbeat
[2023-02-15 21:30:39,913] {dag_processing.py:1075} INFO - Failing jobs without heartbeat after 2023-02-15 21:25:39.913170+00:00
[2023-02-15 21:30:49,934] {dag_processing.py:1071} INFO - Finding 'running' jobs without a recent heartbeat
[2023-02-15 21:30:49,938] {dag_processing.py:1075} INFO - Failing jobs without heartbeat after 2023-02-15 21:25:49.938027+00:00
[2023-02-15 21:30:59,997] {dag_processing.py:1071} INFO - Finding 'running' jobs without a recent heartbeat
[2023-02-15 21:31:00,000] {dag_processing.py:1075} INFO - Failing jobs without heartbeat after 2023-02-15 21:26:00.000156+00:00
[2023-02-15 21:31:10,043] {dag_processing.py:1071} INFO - Finding 'running' jobs without a recent heartbeat
[2023-02-15 21:31:10,044] {dag_processing.py:1075} INFO - Failing jobs without heartbeat after 2023-02-15 21:26:10.044511+00:00
[2023-02-15 21:31:20,059] {dag_processing.py:1071} INFO - Finding 'running' jobs without a recent heartbeat
[2023-02-15 21:31:20,063] {dag_processing.py:1075} INFO - Failing jobs without heartbeat after 2023-02-15 21:26:20.063217+00:00
[2023-02-15 21:31:30,096] {dag_processing.py:1071} INFO - Finding 'running' jobs without a recent heartbeat
[2023-02-15 21:31:30,098] {dag_processing.py:1075} INFO - Failing jobs without heartbeat after 2023-02-15 21:26:30.098424+00:00
[2023-02-15 21:31:40,142] {dag_processing.py:1071} INFO - Finding 'running' jobs without a recent heartbeat
[2023-02-15 21:31:40,145] {dag_processing.py:1075} INFO - Failing jobs without heartbeat after 2023-02-15 21:26:40.145454+00:00
[2023-02-15 21:31:50,154] {dag_processing.py:1071} INFO - Finding 'running' jobs without a recent heartbeat
[2023-02-15 21:31:50,155] {dag_processing.py:1075} INFO - Failing jobs without heartbeat after 2023-02-15 21:26:50.155843+00:00
[2023-02-15 21:32:00,196] {dag_processing.py:1071} INFO - Finding 'running' jobs without a recent heartbeat
[2023-02-15 21:32:00,198] {dag_processing.py:1075} INFO - Failing jobs without heartbeat after 2023-02-15 21:27:00.198228+00:00
[2023-02-15 21:32:10,240] {dag_processing.py:1071} INFO - Finding 'running' jobs without a recent heartbeat
[2023-02-15 21:32:10,243] {dag_processing.py:1075} INFO - Failing jobs without heartbeat after 2023-02-15 21:27:10.243407+00:00
[2023-02-15 21:32:12,015] {dag_processing.py:571} INFO - Exiting gracefully upon receiving signal 15
[2023-02-15 22:02:18,446] {dag_processing.py:590} INFO - Processing files using up to 2 processes at a time 
[2023-02-15 22:02:18,448] {dag_processing.py:591} INFO - Process each file at most once every 30 seconds
[2023-02-15 22:02:18,450] {dag_processing.py:593} INFO - Checking for new files in /opt/airflow/dags every 300 seconds
[2023-02-15 22:02:18,452] {dag_processing.py:731} INFO - Searching for files in /opt/airflow/dags
[2023-02-15 22:02:18,455] {dag_processing.py:734} INFO - There are 0 files in /opt/airflow/dags
[2023-02-15 22:02:18,481] {dag_processing.py:1071} INFO - Finding 'running' jobs without a recent heartbeat
[2023-02-15 22:02:18,482] {dag_processing.py:1075} INFO - Failing jobs without heartbeat after 2023-02-15 21:57:18.482773+00:00
[2023-02-15 22:02:28,502] {dag_processing.py:1071} INFO - Finding 'running' jobs without a recent heartbeat
[2023-02-15 22:02:28,509] {dag_processing.py:1075} INFO - Failing jobs without heartbeat after 2023-02-15 21:57:28.509737+00:00
[2023-02-15 22:02:38,572] {dag_processing.py:1071} INFO - Finding 'running' jobs without a recent heartbeat
[2023-02-15 22:02:38,575] {dag_processing.py:1075} INFO - Failing jobs without heartbeat after 2023-02-15 21:57:38.575529+00:00
[2023-02-15 22:02:48,604] {dag_processing.py:1071} INFO - Finding 'running' jobs without a recent heartbeat
[2023-02-15 22:02:48,607] {dag_processing.py:1075} INFO - Failing jobs without heartbeat after 2023-02-15 21:57:48.607930+00:00
[2023-02-15 22:02:58,653] {dag_processing.py:1071} INFO - Finding 'running' jobs without a recent heartbeat
[2023-02-15 22:02:58,656] {dag_processing.py:1075} INFO - Failing jobs without heartbeat after 2023-02-15 21:57:58.656234+00:00
[2023-02-15 22:03:08,705] {dag_processing.py:1071} INFO - Finding 'running' jobs without a recent heartbeat
[2023-02-15 22:03:08,708] {dag_processing.py:1075} INFO - Failing jobs without heartbeat after 2023-02-15 21:58:08.708337+00:00
[2023-02-15 22:03:18,725] {dag_processing.py:1071} INFO - Finding 'running' jobs without a recent heartbeat
[2023-02-15 22:03:18,729] {dag_processing.py:1075} INFO - Failing jobs without heartbeat after 2023-02-15 21:58:18.729389+00:00
[2023-02-15 22:03:28,771] {dag_processing.py:1071} INFO - Finding 'running' jobs without a recent heartbeat
[2023-02-15 22:03:28,773] {dag_processing.py:1075} INFO - Failing jobs without heartbeat after 2023-02-15 21:58:28.773200+00:00
[2023-02-15 22:03:38,819] {dag_processing.py:1071} INFO - Finding 'running' jobs without a recent heartbeat
[2023-02-15 22:03:38,823] {dag_processing.py:1075} INFO - Failing jobs without heartbeat after 2023-02-15 21:58:38.823517+00:00
[2023-02-15 22:03:48,866] {dag_processing.py:1071} INFO - Finding 'running' jobs without a recent heartbeat
[2023-02-15 22:03:48,869] {dag_processing.py:1075} INFO - Failing jobs without heartbeat after 2023-02-15 21:58:48.869796+00:00
[2023-02-15 22:03:58,908] {dag_processing.py:1071} INFO - Finding 'running' jobs without a recent heartbeat
[2023-02-15 22:03:58,911] {dag_processing.py:1075} INFO - Failing jobs without heartbeat after 2023-02-15 21:58:58.911629+00:00
[2023-02-15 22:04:08,962] {dag_processing.py:1071} INFO - Finding 'running' jobs without a recent heartbeat
[2023-02-15 22:04:08,966] {dag_processing.py:1075} INFO - Failing jobs without heartbeat after 2023-02-15 21:59:08.965978+00:00
[2023-02-15 22:04:18,990] {dag_processing.py:1071} INFO - Finding 'running' jobs without a recent heartbeat
[2023-02-15 22:04:18,994] {dag_processing.py:1075} INFO - Failing jobs without heartbeat after 2023-02-15 21:59:18.994073+00:00
[2023-02-15 22:04:29,025] {dag_processing.py:1071} INFO - Finding 'running' jobs without a recent heartbeat
[2023-02-15 22:04:29,028] {dag_processing.py:1075} INFO - Failing jobs without heartbeat after 2023-02-15 21:59:29.028249+00:00
[2023-02-15 22:04:39,072] {dag_processing.py:1071} INFO - Finding 'running' jobs without a recent heartbeat
[2023-02-15 22:04:39,075] {dag_processing.py:1075} INFO - Failing jobs without heartbeat after 2023-02-15 21:59:39.075061+00:00
[2023-02-15 22:04:49,088] {dag_processing.py:1071} INFO - Finding 'running' jobs without a recent heartbeat
[2023-02-15 22:04:49,091] {dag_processing.py:1075} INFO - Failing jobs without heartbeat after 2023-02-15 21:59:49.091863+00:00
[2023-02-15 22:04:59,136] {dag_processing.py:1071} INFO - Finding 'running' jobs without a recent heartbeat
[2023-02-15 22:04:59,139] {dag_processing.py:1075} INFO - Failing jobs without heartbeat after 2023-02-15 21:59:59.139603+00:00
[2023-02-15 22:05:09,177] {dag_processing.py:1071} INFO - Finding 'running' jobs without a recent heartbeat
[2023-02-15 22:05:09,180] {dag_processing.py:1075} INFO - Failing jobs without heartbeat after 2023-02-15 22:00:09.180502+00:00
[2023-02-15 22:05:19,197] {dag_processing.py:1071} INFO - Finding 'running' jobs without a recent heartbeat
[2023-02-15 22:05:19,199] {dag_processing.py:1075} INFO - Failing jobs without heartbeat after 2023-02-15 22:00:19.199551+00:00
[2023-02-15 22:05:29,244] {dag_processing.py:1071} INFO - Finding 'running' jobs without a recent heartbeat
[2023-02-15 22:05:29,246] {dag_processing.py:1075} INFO - Failing jobs without heartbeat after 2023-02-15 22:00:29.246414+00:00
[2023-02-15 22:05:39,283] {dag_processing.py:1071} INFO - Finding 'running' jobs without a recent heartbeat
[2023-02-15 22:05:39,286] {dag_processing.py:1075} INFO - Failing jobs without heartbeat after 2023-02-15 22:00:39.286935+00:00
[2023-02-15 22:05:49,301] {dag_processing.py:1071} INFO - Finding 'running' jobs without a recent heartbeat
[2023-02-15 22:05:49,303] {dag_processing.py:1075} INFO - Failing jobs without heartbeat after 2023-02-15 22:00:49.303025+00:00
[2023-02-15 22:05:59,355] {dag_processing.py:1071} INFO - Finding 'running' jobs without a recent heartbeat
[2023-02-15 22:05:59,356] {dag_processing.py:1075} INFO - Failing jobs without heartbeat after 2023-02-15 22:00:59.356540+00:00
[2023-02-15 22:06:09,393] {dag_processing.py:1071} INFO - Finding 'running' jobs without a recent heartbeat
[2023-02-15 22:06:09,395] {dag_processing.py:1075} INFO - Failing jobs without heartbeat after 2023-02-15 22:01:09.395851+00:00
[2023-02-15 22:06:19,412] {dag_processing.py:1071} INFO - Finding 'running' jobs without a recent heartbeat
[2023-02-15 22:06:19,416] {dag_processing.py:1075} INFO - Failing jobs without heartbeat after 2023-02-15 22:01:19.416116+00:00
[2023-02-15 22:06:29,452] {dag_processing.py:1071} INFO - Finding 'running' jobs without a recent heartbeat
[2023-02-15 22:06:29,455] {dag_processing.py:1075} INFO - Failing jobs without heartbeat after 2023-02-15 22:01:29.455661+00:00
[2023-02-15 22:06:39,495] {dag_processing.py:1071} INFO - Finding 'running' jobs without a recent heartbeat
[2023-02-15 22:06:39,498] {dag_processing.py:1075} INFO - Failing jobs without heartbeat after 2023-02-15 22:01:39.497990+00:00
[2023-02-15 22:06:49,516] {dag_processing.py:1071} INFO - Finding 'running' jobs without a recent heartbeat
[2023-02-15 22:06:49,519] {dag_processing.py:1075} INFO - Failing jobs without heartbeat after 2023-02-15 22:01:49.519711+00:00
[2023-02-15 22:06:59,558] {dag_processing.py:1071} INFO - Finding 'running' jobs without a recent heartbeat
[2023-02-15 22:06:59,561] {dag_processing.py:1075} INFO - Failing jobs without heartbeat after 2023-02-15 22:01:59.560961+00:00
[2023-02-15 22:07:09,593] {dag_processing.py:1071} INFO - Finding 'running' jobs without a recent heartbeat
[2023-02-15 22:07:09,595] {dag_processing.py:1075} INFO - Failing jobs without heartbeat after 2023-02-15 22:02:09.595603+00:00
[2023-02-15 22:07:18,613] {dag_processing.py:731} INFO - Searching for files in /opt/airflow/dags
[2023-02-15 22:07:18,617] {dag_processing.py:734} INFO - There are 0 files in /opt/airflow/dags
[2023-02-15 22:07:19,628] {dag_processing.py:1071} INFO - Finding 'running' jobs without a recent heartbeat
[2023-02-15 22:07:19,631] {dag_processing.py:1075} INFO - Failing jobs without heartbeat after 2023-02-15 22:02:19.631298+00:00
[2023-02-15 22:07:29,687] {dag_processing.py:1071} INFO - Finding 'running' jobs without a recent heartbeat
[2023-02-15 22:07:29,690] {dag_processing.py:1075} INFO - Failing jobs without heartbeat after 2023-02-15 22:02:29.690501+00:00
[2023-02-15 22:07:39,736] {dag_processing.py:1071} INFO - Finding 'running' jobs without a recent heartbeat
[2023-02-15 22:07:39,740] {dag_processing.py:1075} INFO - Failing jobs without heartbeat after 2023-02-15 22:02:39.740073+00:00
[2023-02-15 22:07:49,766] {dag_processing.py:1071} INFO - Finding 'running' jobs without a recent heartbeat
[2023-02-15 22:07:49,769] {dag_processing.py:1075} INFO - Failing jobs without heartbeat after 2023-02-15 22:02:49.768997+00:00
[2023-02-15 22:07:59,815] {dag_processing.py:1071} INFO - Finding 'running' jobs without a recent heartbeat
[2023-02-15 22:07:59,818] {dag_processing.py:1075} INFO - Failing jobs without heartbeat after 2023-02-15 22:02:59.818030+00:00
[2023-02-15 22:08:09,860] {dag_processing.py:1071} INFO - Finding 'running' jobs without a recent heartbeat
[2023-02-15 22:08:09,862] {dag_processing.py:1075} INFO - Failing jobs without heartbeat after 2023-02-15 22:03:09.862014+00:00
[2023-02-15 22:08:19,889] {dag_processing.py:1071} INFO - Finding 'running' jobs without a recent heartbeat
[2023-02-15 22:08:19,893] {dag_processing.py:1075} INFO - Failing jobs without heartbeat after 2023-02-15 22:03:19.893767+00:00
[2023-02-15 22:08:29,946] {dag_processing.py:1071} INFO - Finding 'running' jobs without a recent heartbeat
[2023-02-15 22:08:29,949] {dag_processing.py:1075} INFO - Failing jobs without heartbeat after 2023-02-15 22:03:29.949694+00:00
[2023-02-15 22:08:39,988] {dag_processing.py:1071} INFO - Finding 'running' jobs without a recent heartbeat
[2023-02-15 22:08:39,991] {dag_processing.py:1075} INFO - Failing jobs without heartbeat after 2023-02-15 22:03:39.991387+00:00
[2023-02-15 22:08:50,010] {dag_processing.py:1071} INFO - Finding 'running' jobs without a recent heartbeat
[2023-02-15 22:08:50,013] {dag_processing.py:1075} INFO - Failing jobs without heartbeat after 2023-02-15 22:03:50.013054+00:00
[2023-02-15 22:09:00,042] {dag_processing.py:1071} INFO - Finding 'running' jobs without a recent heartbeat
[2023-02-15 22:09:00,044] {dag_processing.py:1075} INFO - Failing jobs without heartbeat after 2023-02-15 22:04:00.044330+00:00
[2023-02-15 22:09:10,074] {dag_processing.py:1071} INFO - Finding 'running' jobs without a recent heartbeat
[2023-02-15 22:09:10,078] {dag_processing.py:1075} INFO - Failing jobs without heartbeat after 2023-02-15 22:04:10.078028+00:00
[2023-02-15 22:09:20,096] {dag_processing.py:1071} INFO - Finding 'running' jobs without a recent heartbeat
[2023-02-15 22:09:20,099] {dag_processing.py:1075} INFO - Failing jobs without heartbeat after 2023-02-15 22:04:20.099653+00:00
[2023-02-15 22:09:30,138] {dag_processing.py:1071} INFO - Finding 'running' jobs without a recent heartbeat
[2023-02-15 22:09:30,142] {dag_processing.py:1075} INFO - Failing jobs without heartbeat after 2023-02-15 22:04:30.142048+00:00
[2023-02-15 22:09:40,178] {dag_processing.py:1071} INFO - Finding 'running' jobs without a recent heartbeat
[2023-02-15 22:09:40,181] {dag_processing.py:1075} INFO - Failing jobs without heartbeat after 2023-02-15 22:04:40.181352+00:00
[2023-02-15 22:09:50,206] {dag_processing.py:1071} INFO - Finding 'running' jobs without a recent heartbeat
[2023-02-15 22:09:50,208] {dag_processing.py:1075} INFO - Failing jobs without heartbeat after 2023-02-15 22:04:50.208820+00:00
[2023-02-15 22:10:00,251] {dag_processing.py:1071} INFO - Finding 'running' jobs without a recent heartbeat
[2023-02-15 22:10:00,254] {dag_processing.py:1075} INFO - Failing jobs without heartbeat after 2023-02-15 22:05:00.254170+00:00
[2023-02-15 22:10:10,284] {dag_processing.py:1071} INFO - Finding 'running' jobs without a recent heartbeat
[2023-02-15 22:10:10,286] {dag_processing.py:1075} INFO - Failing jobs without heartbeat after 2023-02-15 22:05:10.286829+00:00
[2023-02-15 22:10:20,302] {dag_processing.py:1071} INFO - Finding 'running' jobs without a recent heartbeat
[2023-02-15 22:10:20,305] {dag_processing.py:1075} INFO - Failing jobs without heartbeat after 2023-02-15 22:05:20.305396+00:00
[2023-02-15 22:10:30,352] {dag_processing.py:1071} INFO - Finding 'running' jobs without a recent heartbeat
[2023-02-15 22:10:30,355] {dag_processing.py:1075} INFO - Failing jobs without heartbeat after 2023-02-15 22:05:30.355200+00:00
[2023-02-15 22:10:40,386] {dag_processing.py:1071} INFO - Finding 'running' jobs without a recent heartbeat
[2023-02-15 22:10:40,390] {dag_processing.py:1075} INFO - Failing jobs without heartbeat after 2023-02-15 22:05:40.390813+00:00
[2023-02-15 22:10:50,423] {dag_processing.py:1071} INFO - Finding 'running' jobs without a recent heartbeat
[2023-02-15 22:10:50,427] {dag_processing.py:1075} INFO - Failing jobs without heartbeat after 2023-02-15 22:05:50.427135+00:00
[2023-02-15 22:11:00,472] {dag_processing.py:1071} INFO - Finding 'running' jobs without a recent heartbeat
[2023-02-15 22:11:00,476] {dag_processing.py:1075} INFO - Failing jobs without heartbeat after 2023-02-15 22:06:00.476011+00:00
[2023-02-15 22:11:10,511] {dag_processing.py:1071} INFO - Finding 'running' jobs without a recent heartbeat
[2023-02-15 22:11:10,513] {dag_processing.py:1075} INFO - Failing jobs without heartbeat after 2023-02-15 22:06:10.513423+00:00
[2023-02-15 22:11:20,534] {dag_processing.py:1071} INFO - Finding 'running' jobs without a recent heartbeat
[2023-02-15 22:11:20,537] {dag_processing.py:1075} INFO - Failing jobs without heartbeat after 2023-02-15 22:06:20.537692+00:00
[2023-02-15 22:11:30,583] {dag_processing.py:1071} INFO - Finding 'running' jobs without a recent heartbeat
[2023-02-15 22:11:30,586] {dag_processing.py:1075} INFO - Failing jobs without heartbeat after 2023-02-15 22:06:30.586246+00:00
[2023-02-15 22:11:40,622] {dag_processing.py:1071} INFO - Finding 'running' jobs without a recent heartbeat
[2023-02-15 22:11:40,989] {dag_processing.py:1075} INFO - Failing jobs without heartbeat after 2023-02-15 22:06:40.988950+00:00
[2023-02-15 22:11:51,015] {dag_processing.py:1071} INFO - Finding 'running' jobs without a recent heartbeat
[2023-02-15 22:11:51,020] {dag_processing.py:1075} INFO - Failing jobs without heartbeat after 2023-02-15 22:06:51.020347+00:00
[2023-02-15 22:12:01,085] {dag_processing.py:1071} INFO - Finding 'running' jobs without a recent heartbeat
[2023-02-15 22:12:01,088] {dag_processing.py:1075} INFO - Failing jobs without heartbeat after 2023-02-15 22:07:01.088763+00:00
[2023-02-15 22:12:11,130] {dag_processing.py:1071} INFO - Finding 'running' jobs without a recent heartbeat
[2023-02-15 22:12:11,131] {dag_processing.py:1075} INFO - Failing jobs without heartbeat after 2023-02-15 22:07:11.131934+00:00
[2023-02-15 22:12:19,140] {dag_processing.py:731} INFO - Searching for files in /opt/airflow/dags
[2023-02-15 22:12:19,144] {dag_processing.py:734} INFO - There are 0 files in /opt/airflow/dags
[2023-02-15 22:12:21,159] {dag_processing.py:1071} INFO - Finding 'running' jobs without a recent heartbeat
[2023-02-15 22:12:21,162] {dag_processing.py:1075} INFO - Failing jobs without heartbeat after 2023-02-15 22:07:21.162832+00:00
[2023-02-15 22:12:31,205] {dag_processing.py:1071} INFO - Finding 'running' jobs without a recent heartbeat
[2023-02-15 22:12:31,208] {dag_processing.py:1075} INFO - Failing jobs without heartbeat after 2023-02-15 22:07:31.208074+00:00
[2023-02-15 22:12:41,251] {dag_processing.py:1071} INFO - Finding 'running' jobs without a recent heartbeat
[2023-02-15 22:12:41,253] {dag_processing.py:1075} INFO - Failing jobs without heartbeat after 2023-02-15 22:07:41.253093+00:00
[2023-02-15 22:12:51,261] {dag_processing.py:1071} INFO - Finding 'running' jobs without a recent heartbeat
[2023-02-15 22:12:51,264] {dag_processing.py:1075} INFO - Failing jobs without heartbeat after 2023-02-15 22:07:51.263979+00:00
[2023-02-15 22:13:01,303] {dag_processing.py:1071} INFO - Finding 'running' jobs without a recent heartbeat
[2023-02-15 22:13:01,306] {dag_processing.py:1075} INFO - Failing jobs without heartbeat after 2023-02-15 22:08:01.305987+00:00
[2023-02-15 22:13:11,348] {dag_processing.py:1071} INFO - Finding 'running' jobs without a recent heartbeat
[2023-02-15 22:13:11,349] {dag_processing.py:1075} INFO - Failing jobs without heartbeat after 2023-02-15 22:08:11.349709+00:00
[2023-02-15 22:13:21,361] {dag_processing.py:1071} INFO - Finding 'running' jobs without a recent heartbeat
[2023-02-15 22:13:21,363] {dag_processing.py:1075} INFO - Failing jobs without heartbeat after 2023-02-15 22:08:21.363527+00:00
[2023-02-15 22:13:31,395] {dag_processing.py:1071} INFO - Finding 'running' jobs without a recent heartbeat
[2023-02-15 22:13:31,397] {dag_processing.py:1075} INFO - Failing jobs without heartbeat after 2023-02-15 22:08:31.397184+00:00
[2023-02-15 22:13:41,431] {dag_processing.py:1071} INFO - Finding 'running' jobs without a recent heartbeat
[2023-02-15 22:13:41,434] {dag_processing.py:1075} INFO - Failing jobs without heartbeat after 2023-02-15 22:08:41.434182+00:00
[2023-02-15 22:13:51,445] {dag_processing.py:1071} INFO - Finding 'running' jobs without a recent heartbeat
[2023-02-15 22:13:51,447] {dag_processing.py:1075} INFO - Failing jobs without heartbeat after 2023-02-15 22:08:51.447823+00:00
[2023-02-15 22:14:01,500] {dag_processing.py:1071} INFO - Finding 'running' jobs without a recent heartbeat
[2023-02-15 22:14:01,503] {dag_processing.py:1075} INFO - Failing jobs without heartbeat after 2023-02-15 22:09:01.503017+00:00
[2023-02-15 22:14:11,548] {dag_processing.py:1071} INFO - Finding 'running' jobs without a recent heartbeat
[2023-02-15 22:14:11,551] {dag_processing.py:1075} INFO - Failing jobs without heartbeat after 2023-02-15 22:09:11.550974+00:00
[2023-02-15 22:14:21,560] {dag_processing.py:1071} INFO - Finding 'running' jobs without a recent heartbeat
[2023-02-15 22:14:21,562] {dag_processing.py:1075} INFO - Failing jobs without heartbeat after 2023-02-15 22:09:21.562837+00:00
[2023-02-15 22:14:31,610] {dag_processing.py:1071} INFO - Finding 'running' jobs without a recent heartbeat
[2023-02-15 22:14:31,613] {dag_processing.py:1075} INFO - Failing jobs without heartbeat after 2023-02-15 22:09:31.613958+00:00
[2023-02-15 22:14:41,650] {dag_processing.py:1071} INFO - Finding 'running' jobs without a recent heartbeat
[2023-02-15 22:14:41,653] {dag_processing.py:1075} INFO - Failing jobs without heartbeat after 2023-02-15 22:09:41.653338+00:00
[2023-02-15 22:14:51,658] {dag_processing.py:1071} INFO - Finding 'running' jobs without a recent heartbeat
[2023-02-15 22:14:51,661] {dag_processing.py:1075} INFO - Failing jobs without heartbeat after 2023-02-15 22:09:51.661048+00:00
[2023-02-15 22:15:01,693] {dag_processing.py:1071} INFO - Finding 'running' jobs without a recent heartbeat
[2023-02-15 22:15:01,696] {dag_processing.py:1075} INFO - Failing jobs without heartbeat after 2023-02-15 22:10:01.696406+00:00
[2023-02-15 22:15:11,744] {dag_processing.py:1071} INFO - Finding 'running' jobs without a recent heartbeat
[2023-02-15 22:15:11,748] {dag_processing.py:1075} INFO - Failing jobs without heartbeat after 2023-02-15 22:10:11.748318+00:00
[2023-02-15 22:15:21,769] {dag_processing.py:1071} INFO - Finding 'running' jobs without a recent heartbeat
[2023-02-15 22:15:21,773] {dag_processing.py:1075} INFO - Failing jobs without heartbeat after 2023-02-15 22:10:21.773430+00:00
[2023-02-15 22:15:31,822] {dag_processing.py:1071} INFO - Finding 'running' jobs without a recent heartbeat
[2023-02-15 22:15:31,825] {dag_processing.py:1075} INFO - Failing jobs without heartbeat after 2023-02-15 22:10:31.825293+00:00
[2023-02-15 22:15:41,882] {dag_processing.py:1071} INFO - Finding 'running' jobs without a recent heartbeat
[2023-02-15 22:15:41,884] {dag_processing.py:1075} INFO - Failing jobs without heartbeat after 2023-02-15 22:10:41.884356+00:00
[2023-02-15 22:15:51,903] {dag_processing.py:1071} INFO - Finding 'running' jobs without a recent heartbeat
[2023-02-15 22:15:51,906] {dag_processing.py:1075} INFO - Failing jobs without heartbeat after 2023-02-15 22:10:51.906813+00:00
[2023-02-15 22:16:01,952] {dag_processing.py:1071} INFO - Finding 'running' jobs without a recent heartbeat
[2023-02-15 22:16:01,955] {dag_processing.py:1075} INFO - Failing jobs without heartbeat after 2023-02-15 22:11:01.955650+00:00
[2023-02-15 22:16:11,998] {dag_processing.py:1071} INFO - Finding 'running' jobs without a recent heartbeat
[2023-02-15 22:16:12,002] {dag_processing.py:1075} INFO - Failing jobs without heartbeat after 2023-02-15 22:11:12.002096+00:00
[2023-02-15 22:16:22,022] {dag_processing.py:1071} INFO - Finding 'running' jobs without a recent heartbeat
[2023-02-15 22:16:22,025] {dag_processing.py:1075} INFO - Failing jobs without heartbeat after 2023-02-15 22:11:22.025735+00:00
[2023-02-15 22:16:32,068] {dag_processing.py:1071} INFO - Finding 'running' jobs without a recent heartbeat
[2023-02-15 22:16:32,072] {dag_processing.py:1075} INFO - Failing jobs without heartbeat after 2023-02-15 22:11:32.072474+00:00
[2023-02-15 22:16:42,113] {dag_processing.py:1071} INFO - Finding 'running' jobs without a recent heartbeat
[2023-02-15 22:16:42,116] {dag_processing.py:1075} INFO - Failing jobs without heartbeat after 2023-02-15 22:11:42.116661+00:00
[2023-02-15 22:16:52,133] {dag_processing.py:1071} INFO - Finding 'running' jobs without a recent heartbeat
[2023-02-15 22:16:52,136] {dag_processing.py:1075} INFO - Failing jobs without heartbeat after 2023-02-15 22:11:52.136483+00:00
[2023-02-15 22:17:02,174] {dag_processing.py:1071} INFO - Finding 'running' jobs without a recent heartbeat
[2023-02-15 22:17:02,176] {dag_processing.py:1075} INFO - Failing jobs without heartbeat after 2023-02-15 22:12:02.176836+00:00
[2023-02-15 22:17:12,213] {dag_processing.py:1071} INFO - Finding 'running' jobs without a recent heartbeat
[2023-02-15 22:17:12,215] {dag_processing.py:1075} INFO - Failing jobs without heartbeat after 2023-02-15 22:12:12.215870+00:00
[2023-02-15 22:17:19,219] {dag_processing.py:731} INFO - Searching for files in /opt/airflow/dags
[2023-02-15 22:17:19,223] {dag_processing.py:734} INFO - There are 0 files in /opt/airflow/dags
[2023-02-15 22:17:22,241] {dag_processing.py:1071} INFO - Finding 'running' jobs without a recent heartbeat
[2023-02-15 22:17:22,244] {dag_processing.py:1075} INFO - Failing jobs without heartbeat after 2023-02-15 22:12:22.244130+00:00
[2023-02-15 22:17:32,292] {dag_processing.py:1071} INFO - Finding 'running' jobs without a recent heartbeat
[2023-02-15 22:17:32,294] {dag_processing.py:1075} INFO - Failing jobs without heartbeat after 2023-02-15 22:12:32.294923+00:00
[2023-02-15 22:17:42,327] {dag_processing.py:1071} INFO - Finding 'running' jobs without a recent heartbeat
[2023-02-15 22:17:42,330] {dag_processing.py:1075} INFO - Failing jobs without heartbeat after 2023-02-15 22:12:42.330612+00:00
[2023-02-15 22:17:52,350] {dag_processing.py:1071} INFO - Finding 'running' jobs without a recent heartbeat
[2023-02-15 22:17:52,353] {dag_processing.py:1075} INFO - Failing jobs without heartbeat after 2023-02-15 22:12:52.353317+00:00
[2023-02-15 22:18:02,390] {dag_processing.py:1071} INFO - Finding 'running' jobs without a recent heartbeat
[2023-02-15 22:18:02,392] {dag_processing.py:1075} INFO - Failing jobs without heartbeat after 2023-02-15 22:13:02.392882+00:00
[2023-02-15 22:18:12,430] {dag_processing.py:1071} INFO - Finding 'running' jobs without a recent heartbeat
[2023-02-15 22:18:12,433] {dag_processing.py:1075} INFO - Failing jobs without heartbeat after 2023-02-15 22:13:12.432964+00:00
[2023-02-15 22:18:23,441] {dag_processing.py:1071} INFO - Finding 'running' jobs without a recent heartbeat
[2023-02-15 22:18:23,443] {dag_processing.py:1075} INFO - Failing jobs without heartbeat after 2023-02-15 22:13:23.443510+00:00
[2023-02-15 22:18:33,492] {dag_processing.py:1071} INFO - Finding 'running' jobs without a recent heartbeat
[2023-02-15 22:18:33,493] {dag_processing.py:1075} INFO - Failing jobs without heartbeat after 2023-02-15 22:13:33.493837+00:00
[2023-02-15 22:18:43,534] {dag_processing.py:1071} INFO - Finding 'running' jobs without a recent heartbeat
[2023-02-15 22:18:43,536] {dag_processing.py:1075} INFO - Failing jobs without heartbeat after 2023-02-15 22:13:43.536593+00:00
[2023-02-15 22:18:53,542] {dag_processing.py:1071} INFO - Finding 'running' jobs without a recent heartbeat
[2023-02-15 22:18:53,547] {dag_processing.py:1075} INFO - Failing jobs without heartbeat after 2023-02-15 22:13:53.547038+00:00
[2023-02-15 22:19:03,583] {dag_processing.py:1071} INFO - Finding 'running' jobs without a recent heartbeat
[2023-02-15 22:19:03,585] {dag_processing.py:1075} INFO - Failing jobs without heartbeat after 2023-02-15 22:14:03.585869+00:00
[2023-02-15 22:19:13,635] {dag_processing.py:1071} INFO - Finding 'running' jobs without a recent heartbeat
[2023-02-15 22:19:13,638] {dag_processing.py:1075} INFO - Failing jobs without heartbeat after 2023-02-15 22:14:13.638797+00:00
[2023-02-15 22:19:23,647] {dag_processing.py:1071} INFO - Finding 'running' jobs without a recent heartbeat
[2023-02-15 22:19:23,651] {dag_processing.py:1075} INFO - Failing jobs without heartbeat after 2023-02-15 22:14:23.651739+00:00
[2023-02-15 22:19:33,688] {dag_processing.py:1071} INFO - Finding 'running' jobs without a recent heartbeat
[2023-02-15 22:19:33,691] {dag_processing.py:1075} INFO - Failing jobs without heartbeat after 2023-02-15 22:14:33.691479+00:00
[2023-02-15 22:19:43,738] {dag_processing.py:1071} INFO - Finding 'running' jobs without a recent heartbeat
[2023-02-15 22:19:43,741] {dag_processing.py:1075} INFO - Failing jobs without heartbeat after 2023-02-15 22:14:43.741246+00:00
[2023-02-15 22:19:53,756] {dag_processing.py:1071} INFO - Finding 'running' jobs without a recent heartbeat
[2023-02-15 22:19:53,759] {dag_processing.py:1075} INFO - Failing jobs without heartbeat after 2023-02-15 22:14:53.759585+00:00
[2023-02-15 22:20:03,804] {dag_processing.py:1071} INFO - Finding 'running' jobs without a recent heartbeat
[2023-02-15 22:20:03,806] {dag_processing.py:1075} INFO - Failing jobs without heartbeat after 2023-02-15 22:15:03.806539+00:00
[2023-02-15 22:20:13,853] {dag_processing.py:1071} INFO - Finding 'running' jobs without a recent heartbeat
[2023-02-15 22:20:13,856] {dag_processing.py:1075} INFO - Failing jobs without heartbeat after 2023-02-15 22:15:13.855954+00:00
[2023-02-15 22:20:23,867] {dag_processing.py:1071} INFO - Finding 'running' jobs without a recent heartbeat
[2023-02-15 22:20:23,869] {dag_processing.py:1075} INFO - Failing jobs without heartbeat after 2023-02-15 22:15:23.869615+00:00
[2023-02-15 22:20:33,914] {dag_processing.py:1071} INFO - Finding 'running' jobs without a recent heartbeat
[2023-02-15 22:20:33,917] {dag_processing.py:1075} INFO - Failing jobs without heartbeat after 2023-02-15 22:15:33.917562+00:00
[2023-02-15 22:20:43,961] {dag_processing.py:1071} INFO - Finding 'running' jobs without a recent heartbeat
[2023-02-15 22:20:43,963] {dag_processing.py:1075} INFO - Failing jobs without heartbeat after 2023-02-15 22:15:43.963929+00:00
[2023-02-15 22:20:53,980] {dag_processing.py:1071} INFO - Finding 'running' jobs without a recent heartbeat
[2023-02-15 22:20:53,983] {dag_processing.py:1075} INFO - Failing jobs without heartbeat after 2023-02-15 22:15:53.983028+00:00
[2023-02-15 22:21:04,018] {dag_processing.py:1071} INFO - Finding 'running' jobs without a recent heartbeat
[2023-02-15 22:21:04,022] {dag_processing.py:1075} INFO - Failing jobs without heartbeat after 2023-02-15 22:16:04.022196+00:00
[2023-02-15 22:21:14,061] {dag_processing.py:1071} INFO - Finding 'running' jobs without a recent heartbeat
[2023-02-15 22:21:14,065] {dag_processing.py:1075} INFO - Failing jobs without heartbeat after 2023-02-15 22:16:14.065427+00:00
[2023-02-15 22:21:24,072] {dag_processing.py:1071} INFO - Finding 'running' jobs without a recent heartbeat
[2023-02-15 22:21:24,074] {dag_processing.py:1075} INFO - Failing jobs without heartbeat after 2023-02-15 22:16:24.074629+00:00
[2023-02-15 22:21:34,118] {dag_processing.py:1071} INFO - Finding 'running' jobs without a recent heartbeat
[2023-02-15 22:21:34,121] {dag_processing.py:1075} INFO - Failing jobs without heartbeat after 2023-02-15 22:16:34.121284+00:00
[2023-02-15 22:21:44,168] {dag_processing.py:1071} INFO - Finding 'running' jobs without a recent heartbeat
[2023-02-15 22:21:44,171] {dag_processing.py:1075} INFO - Failing jobs without heartbeat after 2023-02-15 22:16:44.171395+00:00
[2023-02-15 22:21:54,185] {dag_processing.py:1071} INFO - Finding 'running' jobs without a recent heartbeat
[2023-02-15 22:21:54,188] {dag_processing.py:1075} INFO - Failing jobs without heartbeat after 2023-02-15 22:16:54.187991+00:00
[2023-02-15 22:22:04,233] {dag_processing.py:1071} INFO - Finding 'running' jobs without a recent heartbeat
[2023-02-15 22:22:04,237] {dag_processing.py:1075} INFO - Failing jobs without heartbeat after 2023-02-15 22:17:04.237464+00:00
[2023-02-15 22:22:14,273] {dag_processing.py:1071} INFO - Finding 'running' jobs without a recent heartbeat
[2023-02-15 22:22:14,275] {dag_processing.py:1075} INFO - Failing jobs without heartbeat after 2023-02-15 22:17:14.275194+00:00
[2023-02-15 22:22:19,278] {dag_processing.py:731} INFO - Searching for files in /opt/airflow/dags
[2023-02-15 22:22:19,282] {dag_processing.py:734} INFO - There are 0 files in /opt/airflow/dags
[2023-02-15 22:22:24,305] {dag_processing.py:1071} INFO - Finding 'running' jobs without a recent heartbeat
[2023-02-15 22:22:24,307] {dag_processing.py:1075} INFO - Failing jobs without heartbeat after 2023-02-15 22:17:24.307048+00:00
[2023-02-15 22:22:34,343] {dag_processing.py:1071} INFO - Finding 'running' jobs without a recent heartbeat
[2023-02-15 22:22:34,346] {dag_processing.py:1075} INFO - Failing jobs without heartbeat after 2023-02-15 22:17:34.346280+00:00
[2023-02-15 22:22:44,399] {dag_processing.py:1071} INFO - Finding 'running' jobs without a recent heartbeat
[2023-02-15 22:22:44,403] {dag_processing.py:1075} INFO - Failing jobs without heartbeat after 2023-02-15 22:17:44.403362+00:00
[2023-02-15 22:22:54,420] {dag_processing.py:1071} INFO - Finding 'running' jobs without a recent heartbeat
[2023-02-15 22:22:54,421] {dag_processing.py:1075} INFO - Failing jobs without heartbeat after 2023-02-15 22:17:54.421612+00:00
[2023-02-15 22:23:04,450] {dag_processing.py:1071} INFO - Finding 'running' jobs without a recent heartbeat
[2023-02-15 22:23:04,452] {dag_processing.py:1075} INFO - Failing jobs without heartbeat after 2023-02-15 22:18:04.452112+00:00
[2023-02-15 22:23:13,386] {dag_processing.py:571} INFO - Exiting gracefully upon receiving signal 15
[2023-02-15 22:23:34,517] {dag_processing.py:590} INFO - Processing files using up to 2 processes at a time 
[2023-02-15 22:23:34,518] {dag_processing.py:591} INFO - Process each file at most once every 30 seconds
[2023-02-15 22:23:34,519] {dag_processing.py:593} INFO - Checking for new files in /opt/airflow/dags every 300 seconds
[2023-02-15 22:23:34,520] {dag_processing.py:731} INFO - Searching for files in /opt/airflow/dags
[2023-02-15 22:23:34,522] {dag_processing.py:734} INFO - There are 0 files in /opt/airflow/dags
[2023-02-15 22:23:34,544] {dag_processing.py:1071} INFO - Finding 'running' jobs without a recent heartbeat
[2023-02-15 22:23:34,546] {dag_processing.py:1075} INFO - Failing jobs without heartbeat after 2023-02-15 22:18:34.546093+00:00
[2023-02-15 22:23:44,564] {dag_processing.py:1071} INFO - Finding 'running' jobs without a recent heartbeat
[2023-02-15 22:23:44,565] {dag_processing.py:1075} INFO - Failing jobs without heartbeat after 2023-02-15 22:18:44.565727+00:00
[2023-02-15 22:23:54,589] {dag_processing.py:1071} INFO - Finding 'running' jobs without a recent heartbeat
[2023-02-15 22:23:54,592] {dag_processing.py:1075} INFO - Failing jobs without heartbeat after 2023-02-15 22:18:54.591999+00:00
[2023-02-15 22:24:04,624] {dag_processing.py:1071} INFO - Finding 'running' jobs without a recent heartbeat
[2023-02-15 22:24:04,625] {dag_processing.py:1075} INFO - Failing jobs without heartbeat after 2023-02-15 22:19:04.625799+00:00
[2023-02-15 22:24:14,668] {dag_processing.py:1071} INFO - Finding 'running' jobs without a recent heartbeat
[2023-02-15 22:24:14,670] {dag_processing.py:1075} INFO - Failing jobs without heartbeat after 2023-02-15 22:19:14.670401+00:00
[2023-02-15 22:24:24,686] {dag_processing.py:1071} INFO - Finding 'running' jobs without a recent heartbeat
[2023-02-15 22:24:24,689] {dag_processing.py:1075} INFO - Failing jobs without heartbeat after 2023-02-15 22:19:24.689157+00:00
[2023-02-15 22:24:34,741] {dag_processing.py:1071} INFO - Finding 'running' jobs without a recent heartbeat
[2023-02-15 22:24:34,744] {dag_processing.py:1075} INFO - Failing jobs without heartbeat after 2023-02-15 22:19:34.744798+00:00
[2023-02-15 22:24:44,781] {dag_processing.py:1071} INFO - Finding 'running' jobs without a recent heartbeat
[2023-02-15 22:24:44,783] {dag_processing.py:1075} INFO - Failing jobs without heartbeat after 2023-02-15 22:19:44.783943+00:00
[2023-02-15 22:24:54,811] {dag_processing.py:1071} INFO - Finding 'running' jobs without a recent heartbeat
[2023-02-15 22:24:54,815] {dag_processing.py:1075} INFO - Failing jobs without heartbeat after 2023-02-15 22:19:54.815537+00:00
[2023-02-15 22:25:04,865] {dag_processing.py:1071} INFO - Finding 'running' jobs without a recent heartbeat
[2023-02-15 22:25:04,867] {dag_processing.py:1075} INFO - Failing jobs without heartbeat after 2023-02-15 22:20:04.867724+00:00
[2023-02-15 22:25:14,914] {dag_processing.py:1071} INFO - Finding 'running' jobs without a recent heartbeat
[2023-02-15 22:25:14,917] {dag_processing.py:1075} INFO - Failing jobs without heartbeat after 2023-02-15 22:20:14.917098+00:00
[2023-02-15 22:25:24,924] {dag_processing.py:1071} INFO - Finding 'running' jobs without a recent heartbeat
[2023-02-15 22:25:24,927] {dag_processing.py:1075} INFO - Failing jobs without heartbeat after 2023-02-15 22:20:24.926975+00:00
[2023-02-15 22:25:34,968] {dag_processing.py:1071} INFO - Finding 'running' jobs without a recent heartbeat
[2023-02-15 22:25:34,970] {dag_processing.py:1075} INFO - Failing jobs without heartbeat after 2023-02-15 22:20:34.970884+00:00
[2023-02-15 22:25:45,015] {dag_processing.py:1071} INFO - Finding 'running' jobs without a recent heartbeat
[2023-02-15 22:25:45,019] {dag_processing.py:1075} INFO - Failing jobs without heartbeat after 2023-02-15 22:20:45.018957+00:00
[2023-02-15 22:25:55,035] {dag_processing.py:1071} INFO - Finding 'running' jobs without a recent heartbeat
[2023-02-15 22:25:55,039] {dag_processing.py:1075} INFO - Failing jobs without heartbeat after 2023-02-15 22:20:55.039256+00:00
[2023-02-15 22:26:05,089] {dag_processing.py:1071} INFO - Finding 'running' jobs without a recent heartbeat
[2023-02-15 22:26:05,092] {dag_processing.py:1075} INFO - Failing jobs without heartbeat after 2023-02-15 22:21:05.092359+00:00
[2023-02-15 22:26:15,132] {dag_processing.py:1071} INFO - Finding 'running' jobs without a recent heartbeat
[2023-02-15 22:26:15,133] {dag_processing.py:1075} INFO - Failing jobs without heartbeat after 2023-02-15 22:21:15.133570+00:00
[2023-02-15 22:26:25,142] {dag_processing.py:1071} INFO - Finding 'running' jobs without a recent heartbeat
[2023-02-15 22:26:25,144] {dag_processing.py:1075} INFO - Failing jobs without heartbeat after 2023-02-15 22:21:25.144814+00:00
[2023-02-15 22:26:35,194] {dag_processing.py:1071} INFO - Finding 'running' jobs without a recent heartbeat
[2023-02-15 22:26:35,197] {dag_processing.py:1075} INFO - Failing jobs without heartbeat after 2023-02-15 22:21:35.197561+00:00
[2023-02-15 22:26:45,241] {dag_processing.py:1071} INFO - Finding 'running' jobs without a recent heartbeat
[2023-02-15 22:26:45,243] {dag_processing.py:1075} INFO - Failing jobs without heartbeat after 2023-02-15 22:21:45.243086+00:00
[2023-02-15 22:26:55,255] {dag_processing.py:1071} INFO - Finding 'running' jobs without a recent heartbeat
[2023-02-15 22:26:55,258] {dag_processing.py:1075} INFO - Failing jobs without heartbeat after 2023-02-15 22:21:55.258093+00:00
[2023-02-15 22:27:05,291] {dag_processing.py:1071} INFO - Finding 'running' jobs without a recent heartbeat
[2023-02-15 22:27:05,294] {dag_processing.py:1075} INFO - Failing jobs without heartbeat after 2023-02-15 22:22:05.294297+00:00
[2023-02-15 22:27:15,328] {dag_processing.py:1071} INFO - Finding 'running' jobs without a recent heartbeat
[2023-02-15 22:27:15,330] {dag_processing.py:1075} INFO - Failing jobs without heartbeat after 2023-02-15 22:22:15.330121+00:00
[2023-02-15 22:27:25,403] {dag_processing.py:1071} INFO - Finding 'running' jobs without a recent heartbeat
[2023-02-15 22:27:25,406] {dag_processing.py:1075} INFO - Failing jobs without heartbeat after 2023-02-15 22:22:25.406518+00:00
[2023-02-15 22:27:35,438] {dag_processing.py:1071} INFO - Finding 'running' jobs without a recent heartbeat
[2023-02-15 22:27:35,440] {dag_processing.py:1075} INFO - Failing jobs without heartbeat after 2023-02-15 22:22:35.440521+00:00
[2023-02-15 22:27:45,484] {dag_processing.py:1071} INFO - Finding 'running' jobs without a recent heartbeat
[2023-02-15 22:27:45,487] {dag_processing.py:1075} INFO - Failing jobs without heartbeat after 2023-02-15 22:22:45.487289+00:00
[2023-02-15 22:27:55,497] {dag_processing.py:1071} INFO - Finding 'running' jobs without a recent heartbeat
[2023-02-15 22:27:55,499] {dag_processing.py:1075} INFO - Failing jobs without heartbeat after 2023-02-15 22:22:55.499474+00:00
[2023-02-15 22:28:05,549] {dag_processing.py:1071} INFO - Finding 'running' jobs without a recent heartbeat
[2023-02-15 22:28:05,552] {dag_processing.py:1075} INFO - Failing jobs without heartbeat after 2023-02-15 22:23:05.552339+00:00
[2023-02-15 22:28:15,596] {dag_processing.py:1071} INFO - Finding 'running' jobs without a recent heartbeat
[2023-02-15 22:28:15,598] {dag_processing.py:1075} INFO - Failing jobs without heartbeat after 2023-02-15 22:23:15.598876+00:00
[2023-02-15 22:28:25,621] {dag_processing.py:1071} INFO - Finding 'running' jobs without a recent heartbeat
[2023-02-15 22:28:25,625] {dag_processing.py:1075} INFO - Failing jobs without heartbeat after 2023-02-15 22:23:25.625179+00:00
[2023-02-15 22:28:34,681] {dag_processing.py:731} INFO - Searching for files in /opt/airflow/dags
[2023-02-15 22:28:34,686] {dag_processing.py:734} INFO - There are 0 files in /opt/airflow/dags
[2023-02-15 22:28:35,697] {dag_processing.py:1071} INFO - Finding 'running' jobs without a recent heartbeat
[2023-02-15 22:28:35,698] {dag_processing.py:1075} INFO - Failing jobs without heartbeat after 2023-02-15 22:23:35.698920+00:00
[2023-02-15 22:28:45,737] {dag_processing.py:1071} INFO - Finding 'running' jobs without a recent heartbeat
[2023-02-15 22:28:45,741] {dag_processing.py:1075} INFO - Failing jobs without heartbeat after 2023-02-15 22:23:45.741422+00:00
[2023-02-15 22:28:55,764] {dag_processing.py:1071} INFO - Finding 'running' jobs without a recent heartbeat
[2023-02-15 22:28:55,767] {dag_processing.py:1075} INFO - Failing jobs without heartbeat after 2023-02-15 22:23:55.767112+00:00
[2023-02-15 22:29:05,822] {dag_processing.py:1071} INFO - Finding 'running' jobs without a recent heartbeat
[2023-02-15 22:29:05,826] {dag_processing.py:1075} INFO - Failing jobs without heartbeat after 2023-02-15 22:24:05.826505+00:00
[2023-02-15 22:29:15,871] {dag_processing.py:1071} INFO - Finding 'running' jobs without a recent heartbeat
[2023-02-15 22:29:15,874] {dag_processing.py:1075} INFO - Failing jobs without heartbeat after 2023-02-15 22:24:15.874721+00:00
[2023-02-15 22:29:25,396] {dag_processing.py:571} INFO - Exiting gracefully upon receiving signal 15
[2023-02-15 22:29:45,600] {dag_processing.py:590} INFO - Processing files using up to 2 processes at a time 
[2023-02-15 22:29:45,600] {dag_processing.py:591} INFO - Process each file at most once every 30 seconds
[2023-02-15 22:29:45,602] {dag_processing.py:593} INFO - Checking for new files in /opt/airflow/dags every 300 seconds
[2023-02-15 22:29:45,603] {dag_processing.py:731} INFO - Searching for files in /opt/airflow/dags
[2023-02-15 22:29:45,605] {dag_processing.py:734} INFO - There are 0 files in /opt/airflow/dags
[2023-02-15 22:29:45,628] {dag_processing.py:1071} INFO - Finding 'running' jobs without a recent heartbeat
[2023-02-15 22:29:45,629] {dag_processing.py:1075} INFO - Failing jobs without heartbeat after 2023-02-15 22:24:45.629721+00:00
[2023-02-15 22:29:56,627] {dag_processing.py:1071} INFO - Finding 'running' jobs without a recent heartbeat
[2023-02-15 22:29:56,628] {dag_processing.py:1075} INFO - Failing jobs without heartbeat after 2023-02-15 22:24:56.628698+00:00
[2023-02-15 22:30:06,688] {dag_processing.py:1071} INFO - Finding 'running' jobs without a recent heartbeat
[2023-02-15 22:30:06,691] {dag_processing.py:1075} INFO - Failing jobs without heartbeat after 2023-02-15 22:25:06.691955+00:00
[2023-02-15 22:30:16,722] {dag_processing.py:1071} INFO - Finding 'running' jobs without a recent heartbeat
[2023-02-15 22:30:16,725] {dag_processing.py:1075} INFO - Failing jobs without heartbeat after 2023-02-15 22:25:16.725131+00:00
[2023-02-15 22:30:26,760] {dag_processing.py:1071} INFO - Finding 'running' jobs without a recent heartbeat
[2023-02-15 22:30:26,764] {dag_processing.py:1075} INFO - Failing jobs without heartbeat after 2023-02-15 22:25:26.763951+00:00
[2023-02-15 22:30:36,796] {dag_processing.py:1071} INFO - Finding 'running' jobs without a recent heartbeat
[2023-02-15 22:30:36,798] {dag_processing.py:1075} INFO - Failing jobs without heartbeat after 2023-02-15 22:25:36.798741+00:00
[2023-02-15 22:30:46,813] {dag_processing.py:1071} INFO - Finding 'running' jobs without a recent heartbeat
[2023-02-15 22:30:46,816] {dag_processing.py:1075} INFO - Failing jobs without heartbeat after 2023-02-15 22:25:46.816452+00:00
[2023-02-15 22:30:56,864] {dag_processing.py:1071} INFO - Finding 'running' jobs without a recent heartbeat
[2023-02-15 22:30:56,866] {dag_processing.py:1075} INFO - Failing jobs without heartbeat after 2023-02-15 22:25:56.866729+00:00
[2023-02-15 22:31:06,902] {dag_processing.py:1071} INFO - Finding 'running' jobs without a recent heartbeat
[2023-02-15 22:31:06,906] {dag_processing.py:1075} INFO - Failing jobs without heartbeat after 2023-02-15 22:26:06.905962+00:00
[2023-02-15 22:31:16,931] {dag_processing.py:1071} INFO - Finding 'running' jobs without a recent heartbeat
[2023-02-15 22:31:16,934] {dag_processing.py:1075} INFO - Failing jobs without heartbeat after 2023-02-15 22:26:16.934361+00:00
[2023-02-15 22:31:26,970] {dag_processing.py:1071} INFO - Finding 'running' jobs without a recent heartbeat
[2023-02-15 22:31:26,973] {dag_processing.py:1075} INFO - Failing jobs without heartbeat after 2023-02-15 22:26:26.973569+00:00
[2023-02-15 22:31:37,010] {dag_processing.py:1071} INFO - Finding 'running' jobs without a recent heartbeat
[2023-02-15 22:31:37,013] {dag_processing.py:1075} INFO - Failing jobs without heartbeat after 2023-02-15 22:26:37.013702+00:00
[2023-02-15 22:31:47,033] {dag_processing.py:1071} INFO - Finding 'running' jobs without a recent heartbeat
[2023-02-15 22:31:47,034] {dag_processing.py:1075} INFO - Failing jobs without heartbeat after 2023-02-15 22:26:47.034810+00:00
[2023-02-15 22:31:57,073] {dag_processing.py:1071} INFO - Finding 'running' jobs without a recent heartbeat
[2023-02-15 22:31:57,076] {dag_processing.py:1075} INFO - Failing jobs without heartbeat after 2023-02-15 22:26:57.076292+00:00
[2023-02-15 22:32:07,118] {dag_processing.py:1071} INFO - Finding 'running' jobs without a recent heartbeat
[2023-02-15 22:32:07,121] {dag_processing.py:1075} INFO - Failing jobs without heartbeat after 2023-02-15 22:27:07.121025+00:00
[2023-02-15 22:32:17,141] {dag_processing.py:1071} INFO - Finding 'running' jobs without a recent heartbeat
[2023-02-15 22:32:17,143] {dag_processing.py:1075} INFO - Failing jobs without heartbeat after 2023-02-15 22:27:17.143726+00:00
[2023-02-15 22:32:27,177] {dag_processing.py:1071} INFO - Finding 'running' jobs without a recent heartbeat
[2023-02-15 22:32:27,181] {dag_processing.py:1075} INFO - Failing jobs without heartbeat after 2023-02-15 22:27:27.181002+00:00
[2023-02-15 22:32:37,218] {dag_processing.py:1071} INFO - Finding 'running' jobs without a recent heartbeat
[2023-02-15 22:32:37,220] {dag_processing.py:1075} INFO - Failing jobs without heartbeat after 2023-02-15 22:27:37.220746+00:00
[2023-02-15 22:32:47,247] {dag_processing.py:1071} INFO - Finding 'running' jobs without a recent heartbeat
[2023-02-15 22:32:47,250] {dag_processing.py:1075} INFO - Failing jobs without heartbeat after 2023-02-15 22:27:47.250573+00:00
[2023-02-15 22:32:57,289] {dag_processing.py:1071} INFO - Finding 'running' jobs without a recent heartbeat
[2023-02-15 22:32:57,291] {dag_processing.py:1075} INFO - Failing jobs without heartbeat after 2023-02-15 22:27:57.291740+00:00
[2023-02-15 22:33:07,329] {dag_processing.py:1071} INFO - Finding 'running' jobs without a recent heartbeat
[2023-02-15 22:33:07,332] {dag_processing.py:1075} INFO - Failing jobs without heartbeat after 2023-02-15 22:28:07.332593+00:00
[2023-02-15 22:33:17,358] {dag_processing.py:1071} INFO - Finding 'running' jobs without a recent heartbeat
[2023-02-15 22:33:17,362] {dag_processing.py:1075} INFO - Failing jobs without heartbeat after 2023-02-15 22:28:17.362170+00:00
[2023-02-15 22:33:27,404] {dag_processing.py:1071} INFO - Finding 'running' jobs without a recent heartbeat
[2023-02-15 22:33:27,407] {dag_processing.py:1075} INFO - Failing jobs without heartbeat after 2023-02-15 22:28:27.407093+00:00
[2023-02-15 22:33:37,441] {dag_processing.py:1071} INFO - Finding 'running' jobs without a recent heartbeat
[2023-02-15 22:33:37,443] {dag_processing.py:1075} INFO - Failing jobs without heartbeat after 2023-02-15 22:28:37.443126+00:00
[2023-02-15 22:33:47,466] {dag_processing.py:1071} INFO - Finding 'running' jobs without a recent heartbeat
[2023-02-15 22:33:47,468] {dag_processing.py:1075} INFO - Failing jobs without heartbeat after 2023-02-15 22:28:47.467911+00:00
[2023-02-15 22:33:57,499] {dag_processing.py:1071} INFO - Finding 'running' jobs without a recent heartbeat
[2023-02-15 22:33:57,501] {dag_processing.py:1075} INFO - Failing jobs without heartbeat after 2023-02-15 22:28:57.501441+00:00
[2023-02-15 22:34:07,547] {dag_processing.py:1071} INFO - Finding 'running' jobs without a recent heartbeat
[2023-02-15 22:34:07,550] {dag_processing.py:1075} INFO - Failing jobs without heartbeat after 2023-02-15 22:29:07.550639+00:00
[2023-02-15 22:34:17,573] {dag_processing.py:1071} INFO - Finding 'running' jobs without a recent heartbeat
[2023-02-15 22:34:17,575] {dag_processing.py:1075} INFO - Failing jobs without heartbeat after 2023-02-15 22:29:17.575530+00:00
[2023-02-15 22:34:27,605] {dag_processing.py:1071} INFO - Finding 'running' jobs without a recent heartbeat
[2023-02-15 22:34:27,609] {dag_processing.py:1075} INFO - Failing jobs without heartbeat after 2023-02-15 22:29:27.609391+00:00
[2023-02-15 22:34:37,643] {dag_processing.py:1071} INFO - Finding 'running' jobs without a recent heartbeat
[2023-02-15 22:34:37,647] {dag_processing.py:1075} INFO - Failing jobs without heartbeat after 2023-02-15 22:29:37.647203+00:00
[2023-02-15 22:34:45,695] {dag_processing.py:731} INFO - Searching for files in /opt/airflow/dags
[2023-02-15 22:34:45,698] {dag_processing.py:734} INFO - There are 0 files in /opt/airflow/dags
[2023-02-15 22:34:47,691] {dag_processing.py:1071} INFO - Finding 'running' jobs without a recent heartbeat
[2023-02-15 22:34:47,695] {dag_processing.py:1075} INFO - Failing jobs without heartbeat after 2023-02-15 22:29:47.695057+00:00
[2023-02-15 22:34:57,749] {dag_processing.py:1071} INFO - Finding 'running' jobs without a recent heartbeat
[2023-02-15 22:34:57,751] {dag_processing.py:1075} INFO - Failing jobs without heartbeat after 2023-02-15 22:29:57.751750+00:00
[2023-02-15 22:35:07,784] {dag_processing.py:1071} INFO - Finding 'running' jobs without a recent heartbeat
[2023-02-15 22:35:07,787] {dag_processing.py:1075} INFO - Failing jobs without heartbeat after 2023-02-15 22:30:07.787438+00:00
[2023-02-15 22:35:17,808] {dag_processing.py:1071} INFO - Finding 'running' jobs without a recent heartbeat
[2023-02-15 22:35:17,812] {dag_processing.py:1075} INFO - Failing jobs without heartbeat after 2023-02-15 22:30:17.812435+00:00
[2023-02-15 22:35:27,853] {dag_processing.py:1071} INFO - Finding 'running' jobs without a recent heartbeat
[2023-02-15 22:35:27,856] {dag_processing.py:1075} INFO - Failing jobs without heartbeat after 2023-02-15 22:30:27.856901+00:00
[2023-02-15 22:35:37,890] {dag_processing.py:1071} INFO - Finding 'running' jobs without a recent heartbeat
[2023-02-15 22:35:37,892] {dag_processing.py:1075} INFO - Failing jobs without heartbeat after 2023-02-15 22:30:37.892151+00:00
[2023-02-15 22:35:47,904] {dag_processing.py:1071} INFO - Finding 'running' jobs without a recent heartbeat
[2023-02-15 22:35:47,907] {dag_processing.py:1075} INFO - Failing jobs without heartbeat after 2023-02-15 22:30:47.907450+00:00
[2023-02-15 22:35:57,963] {dag_processing.py:1071} INFO - Finding 'running' jobs without a recent heartbeat
[2023-02-15 22:35:57,966] {dag_processing.py:1075} INFO - Failing jobs without heartbeat after 2023-02-15 22:30:57.966617+00:00
[2023-02-15 22:36:08,015] {dag_processing.py:1071} INFO - Finding 'running' jobs without a recent heartbeat
[2023-02-15 22:36:08,019] {dag_processing.py:1075} INFO - Failing jobs without heartbeat after 2023-02-15 22:31:08.019087+00:00
[2023-02-15 22:36:18,053] {dag_processing.py:1071} INFO - Finding 'running' jobs without a recent heartbeat
[2023-02-15 22:36:18,056] {dag_processing.py:1075} INFO - Failing jobs without heartbeat after 2023-02-15 22:31:18.056888+00:00
[2023-02-15 22:36:28,095] {dag_processing.py:1071} INFO - Finding 'running' jobs without a recent heartbeat
[2023-02-15 22:36:28,098] {dag_processing.py:1075} INFO - Failing jobs without heartbeat after 2023-02-15 22:31:28.098628+00:00
[2023-02-15 22:36:38,124] {dag_processing.py:1071} INFO - Finding 'running' jobs without a recent heartbeat
[2023-02-15 22:36:38,128] {dag_processing.py:1075} INFO - Failing jobs without heartbeat after 2023-02-15 22:31:38.128573+00:00
[2023-02-15 22:36:48,144] {dag_processing.py:1071} INFO - Finding 'running' jobs without a recent heartbeat
[2023-02-15 22:36:48,148] {dag_processing.py:1075} INFO - Failing jobs without heartbeat after 2023-02-15 22:31:48.148535+00:00
[2023-02-15 22:36:58,178] {dag_processing.py:1071} INFO - Finding 'running' jobs without a recent heartbeat
[2023-02-15 22:36:58,179] {dag_processing.py:1075} INFO - Failing jobs without heartbeat after 2023-02-15 22:31:58.179868+00:00
[2023-02-15 22:37:08,205] {dag_processing.py:1071} INFO - Finding 'running' jobs without a recent heartbeat
[2023-02-15 22:37:08,209] {dag_processing.py:1075} INFO - Failing jobs without heartbeat after 2023-02-15 22:32:08.209241+00:00
[2023-02-15 22:37:18,217] {dag_processing.py:1071} INFO - Finding 'running' jobs without a recent heartbeat
[2023-02-15 22:37:18,219] {dag_processing.py:1075} INFO - Failing jobs without heartbeat after 2023-02-15 22:32:18.219089+00:00
[2023-02-15 22:37:28,255] {dag_processing.py:1071} INFO - Finding 'running' jobs without a recent heartbeat
[2023-02-15 22:37:28,258] {dag_processing.py:1075} INFO - Failing jobs without heartbeat after 2023-02-15 22:32:28.258100+00:00
[2023-02-15 22:37:38,295] {dag_processing.py:1071} INFO - Finding 'running' jobs without a recent heartbeat
[2023-02-15 22:37:38,298] {dag_processing.py:1075} INFO - Failing jobs without heartbeat after 2023-02-15 22:32:38.298728+00:00
[2023-02-15 22:37:48,325] {dag_processing.py:1071} INFO - Finding 'running' jobs without a recent heartbeat
[2023-02-15 22:37:48,327] {dag_processing.py:1075} INFO - Failing jobs without heartbeat after 2023-02-15 22:32:48.327038+00:00
[2023-02-15 22:37:58,369] {dag_processing.py:1071} INFO - Finding 'running' jobs without a recent heartbeat
[2023-02-15 22:37:58,371] {dag_processing.py:1075} INFO - Failing jobs without heartbeat after 2023-02-15 22:32:58.371276+00:00
[2023-02-15 22:38:02,359] {dag_processing.py:571} INFO - Exiting gracefully upon receiving signal 15
[2023-02-15 22:39:11,094] {dag_processing.py:590} INFO - Processing files using up to 2 processes at a time 
[2023-02-15 22:39:11,097] {dag_processing.py:591} INFO - Process each file at most once every 30 seconds
[2023-02-15 22:39:11,098] {dag_processing.py:593} INFO - Checking for new files in /opt/airflow/dags every 300 seconds
[2023-02-15 22:39:11,099] {dag_processing.py:731} INFO - Searching for files in /opt/airflow/dags
[2023-02-15 22:39:11,101] {dag_processing.py:734} INFO - There are 0 files in /opt/airflow/dags
[2023-02-15 22:39:11,124] {dag_processing.py:1071} INFO - Finding 'running' jobs without a recent heartbeat
[2023-02-15 22:39:11,125] {dag_processing.py:1075} INFO - Failing jobs without heartbeat after 2023-02-15 22:34:11.125607+00:00
[2023-02-15 22:39:22,120] {dag_processing.py:1071} INFO - Finding 'running' jobs without a recent heartbeat
[2023-02-15 22:39:22,122] {dag_processing.py:1075} INFO - Failing jobs without heartbeat after 2023-02-15 22:34:22.122373+00:00
[2023-02-15 22:39:32,160] {dag_processing.py:1071} INFO - Finding 'running' jobs without a recent heartbeat
[2023-02-15 22:39:32,163] {dag_processing.py:1075} INFO - Failing jobs without heartbeat after 2023-02-15 22:34:32.163089+00:00
[2023-02-15 22:39:42,203] {dag_processing.py:1071} INFO - Finding 'running' jobs without a recent heartbeat
[2023-02-15 22:39:42,206] {dag_processing.py:1075} INFO - Failing jobs without heartbeat after 2023-02-15 22:34:42.206459+00:00
[2023-02-15 22:39:53,212] {dag_processing.py:1071} INFO - Finding 'running' jobs without a recent heartbeat
[2023-02-15 22:39:53,215] {dag_processing.py:1075} INFO - Failing jobs without heartbeat after 2023-02-15 22:34:53.215300+00:00
[2023-02-15 22:40:03,249] {dag_processing.py:1071} INFO - Finding 'running' jobs without a recent heartbeat
[2023-02-15 22:40:03,251] {dag_processing.py:1075} INFO - Failing jobs without heartbeat after 2023-02-15 22:35:03.251124+00:00
[2023-02-15 22:40:13,302] {dag_processing.py:1071} INFO - Finding 'running' jobs without a recent heartbeat
[2023-02-15 22:40:13,304] {dag_processing.py:1075} INFO - Failing jobs without heartbeat after 2023-02-15 22:35:13.304462+00:00
[2023-02-15 22:40:23,316] {dag_processing.py:1071} INFO - Finding 'running' jobs without a recent heartbeat
[2023-02-15 22:40:23,319] {dag_processing.py:1075} INFO - Failing jobs without heartbeat after 2023-02-15 22:35:23.319785+00:00
[2023-02-15 22:40:33,355] {dag_processing.py:1071} INFO - Finding 'running' jobs without a recent heartbeat
[2023-02-15 22:40:33,357] {dag_processing.py:1075} INFO - Failing jobs without heartbeat after 2023-02-15 22:35:33.357751+00:00
[2023-02-15 22:40:43,409] {dag_processing.py:1071} INFO - Finding 'running' jobs without a recent heartbeat
[2023-02-15 22:40:43,412] {dag_processing.py:1075} INFO - Failing jobs without heartbeat after 2023-02-15 22:35:43.412105+00:00
[2023-02-15 22:40:53,419] {dag_processing.py:1071} INFO - Finding 'running' jobs without a recent heartbeat
[2023-02-15 22:40:53,422] {dag_processing.py:1075} INFO - Failing jobs without heartbeat after 2023-02-15 22:35:53.422381+00:00
[2023-02-15 22:41:03,469] {dag_processing.py:1071} INFO - Finding 'running' jobs without a recent heartbeat
[2023-02-15 22:41:03,470] {dag_processing.py:1075} INFO - Failing jobs without heartbeat after 2023-02-15 22:36:03.470533+00:00
[2023-02-15 22:41:13,509] {dag_processing.py:1071} INFO - Finding 'running' jobs without a recent heartbeat
[2023-02-15 22:41:13,511] {dag_processing.py:1075} INFO - Failing jobs without heartbeat after 2023-02-15 22:36:13.511682+00:00
[2023-02-15 22:41:23,523] {dag_processing.py:1071} INFO - Finding 'running' jobs without a recent heartbeat
[2023-02-15 22:41:23,525] {dag_processing.py:1075} INFO - Failing jobs without heartbeat after 2023-02-15 22:36:23.525458+00:00
[2023-02-15 22:41:33,562] {dag_processing.py:1071} INFO - Finding 'running' jobs without a recent heartbeat
[2023-02-15 22:41:33,566] {dag_processing.py:1075} INFO - Failing jobs without heartbeat after 2023-02-15 22:36:33.566786+00:00
[2023-02-15 22:41:43,610] {dag_processing.py:1071} INFO - Finding 'running' jobs without a recent heartbeat
[2023-02-15 22:41:43,612] {dag_processing.py:1075} INFO - Failing jobs without heartbeat after 2023-02-15 22:36:43.612496+00:00
[2023-02-15 22:41:53,626] {dag_processing.py:1071} INFO - Finding 'running' jobs without a recent heartbeat
[2023-02-15 22:41:53,628] {dag_processing.py:1075} INFO - Failing jobs without heartbeat after 2023-02-15 22:36:53.628460+00:00
[2023-02-15 22:42:03,667] {dag_processing.py:1071} INFO - Finding 'running' jobs without a recent heartbeat
[2023-02-15 22:42:03,671] {dag_processing.py:1075} INFO - Failing jobs without heartbeat after 2023-02-15 22:37:03.671041+00:00
[2023-02-15 22:42:13,717] {dag_processing.py:1071} INFO - Finding 'running' jobs without a recent heartbeat
[2023-02-15 22:42:13,720] {dag_processing.py:1075} INFO - Failing jobs without heartbeat after 2023-02-15 22:37:13.720723+00:00
[2023-02-15 22:42:23,743] {dag_processing.py:1071} INFO - Finding 'running' jobs without a recent heartbeat
[2023-02-15 22:42:23,745] {dag_processing.py:1075} INFO - Failing jobs without heartbeat after 2023-02-15 22:37:23.745768+00:00
[2023-02-15 22:42:33,795] {dag_processing.py:1071} INFO - Finding 'running' jobs without a recent heartbeat
[2023-02-15 22:42:33,799] {dag_processing.py:1075} INFO - Failing jobs without heartbeat after 2023-02-15 22:37:33.799681+00:00
[2023-02-15 22:42:43,844] {dag_processing.py:1071} INFO - Finding 'running' jobs without a recent heartbeat
[2023-02-15 22:42:43,847] {dag_processing.py:1075} INFO - Failing jobs without heartbeat after 2023-02-15 22:37:43.847012+00:00
[2023-02-15 22:42:53,856] {dag_processing.py:1071} INFO - Finding 'running' jobs without a recent heartbeat
[2023-02-15 22:42:53,859] {dag_processing.py:1075} INFO - Failing jobs without heartbeat after 2023-02-15 22:37:53.859030+00:00
[2023-02-15 22:43:03,896] {dag_processing.py:1071} INFO - Finding 'running' jobs without a recent heartbeat
[2023-02-15 22:43:03,899] {dag_processing.py:1075} INFO - Failing jobs without heartbeat after 2023-02-15 22:38:03.899319+00:00
[2023-02-15 22:43:13,928] {dag_processing.py:1071} INFO - Finding 'running' jobs without a recent heartbeat
[2023-02-15 22:43:13,931] {dag_processing.py:1075} INFO - Failing jobs without heartbeat after 2023-02-15 22:38:13.931320+00:00
[2023-02-15 22:43:23,942] {dag_processing.py:1071} INFO - Finding 'running' jobs without a recent heartbeat
[2023-02-15 22:43:23,943] {dag_processing.py:1075} INFO - Failing jobs without heartbeat after 2023-02-15 22:38:23.943878+00:00
[2023-02-15 22:43:33,983] {dag_processing.py:1071} INFO - Finding 'running' jobs without a recent heartbeat
[2023-02-15 22:43:33,987] {dag_processing.py:1075} INFO - Failing jobs without heartbeat after 2023-02-15 22:38:33.987379+00:00
[2023-02-15 22:43:44,031] {dag_processing.py:1071} INFO - Finding 'running' jobs without a recent heartbeat
[2023-02-15 22:43:44,034] {dag_processing.py:1075} INFO - Failing jobs without heartbeat after 2023-02-15 22:38:44.034692+00:00
[2023-02-15 22:43:54,053] {dag_processing.py:1071} INFO - Finding 'running' jobs without a recent heartbeat
[2023-02-15 22:43:54,056] {dag_processing.py:1075} INFO - Failing jobs without heartbeat after 2023-02-15 22:38:54.056518+00:00
[2023-02-15 22:44:04,108] {dag_processing.py:1071} INFO - Finding 'running' jobs without a recent heartbeat
[2023-02-15 22:44:04,111] {dag_processing.py:1075} INFO - Failing jobs without heartbeat after 2023-02-15 22:39:04.111923+00:00
[2023-02-15 22:44:11,142] {dag_processing.py:731} INFO - Searching for files in /opt/airflow/dags
[2023-02-15 22:44:11,144] {dag_processing.py:734} INFO - There are 0 files in /opt/airflow/dags
[2023-02-15 22:44:14,163] {dag_processing.py:1071} INFO - Finding 'running' jobs without a recent heartbeat
[2023-02-15 22:44:14,166] {dag_processing.py:1075} INFO - Failing jobs without heartbeat after 2023-02-15 22:39:14.166586+00:00
[2023-02-15 22:44:24,185] {dag_processing.py:1071} INFO - Finding 'running' jobs without a recent heartbeat
[2023-02-15 22:44:24,188] {dag_processing.py:1075} INFO - Failing jobs without heartbeat after 2023-02-15 22:39:24.187979+00:00
[2023-02-15 22:44:34,228] {dag_processing.py:1071} INFO - Finding 'running' jobs without a recent heartbeat
[2023-02-15 22:44:34,231] {dag_processing.py:1075} INFO - Failing jobs without heartbeat after 2023-02-15 22:39:34.231351+00:00
[2023-02-15 22:44:44,271] {dag_processing.py:1071} INFO - Finding 'running' jobs without a recent heartbeat
[2023-02-15 22:44:44,273] {dag_processing.py:1075} INFO - Failing jobs without heartbeat after 2023-02-15 22:39:44.273509+00:00
[2023-02-15 22:44:54,279] {dag_processing.py:1071} INFO - Finding 'running' jobs without a recent heartbeat
[2023-02-15 22:44:54,281] {dag_processing.py:1075} INFO - Failing jobs without heartbeat after 2023-02-15 22:39:54.281026+00:00
[2023-02-15 22:45:04,316] {dag_processing.py:1071} INFO - Finding 'running' jobs without a recent heartbeat
[2023-02-15 22:45:04,320] {dag_processing.py:1075} INFO - Failing jobs without heartbeat after 2023-02-15 22:40:04.320020+00:00
[2023-02-15 22:45:14,357] {dag_processing.py:1071} INFO - Finding 'running' jobs without a recent heartbeat
[2023-02-15 22:45:14,361] {dag_processing.py:1075} INFO - Failing jobs without heartbeat after 2023-02-15 22:40:14.361554+00:00
[2023-02-15 22:45:24,390] {dag_processing.py:1071} INFO - Finding 'running' jobs without a recent heartbeat
[2023-02-15 22:45:24,393] {dag_processing.py:1075} INFO - Failing jobs without heartbeat after 2023-02-15 22:40:24.393515+00:00
[2023-02-15 22:45:34,428] {dag_processing.py:1071} INFO - Finding 'running' jobs without a recent heartbeat
[2023-02-15 22:45:34,432] {dag_processing.py:1075} INFO - Failing jobs without heartbeat after 2023-02-15 22:40:34.432417+00:00
[2023-02-15 22:45:44,479] {dag_processing.py:1071} INFO - Finding 'running' jobs without a recent heartbeat
[2023-02-15 22:45:44,483] {dag_processing.py:1075} INFO - Failing jobs without heartbeat after 2023-02-15 22:40:44.483158+00:00
[2023-02-15 22:45:54,511] {dag_processing.py:1071} INFO - Finding 'running' jobs without a recent heartbeat
[2023-02-15 22:45:54,514] {dag_processing.py:1075} INFO - Failing jobs without heartbeat after 2023-02-15 22:40:54.514631+00:00
[2023-02-15 22:46:04,551] {dag_processing.py:1071} INFO - Finding 'running' jobs without a recent heartbeat
[2023-02-15 22:46:04,555] {dag_processing.py:1075} INFO - Failing jobs without heartbeat after 2023-02-15 22:41:04.555652+00:00
[2023-02-15 22:46:14,598] {dag_processing.py:1071} INFO - Finding 'running' jobs without a recent heartbeat
[2023-02-15 22:46:14,600] {dag_processing.py:1075} INFO - Failing jobs without heartbeat after 2023-02-15 22:41:14.600431+00:00
[2023-02-15 22:46:24,620] {dag_processing.py:1071} INFO - Finding 'running' jobs without a recent heartbeat
[2023-02-15 22:46:24,622] {dag_processing.py:1075} INFO - Failing jobs without heartbeat after 2023-02-15 22:41:24.622453+00:00
[2023-02-15 22:46:34,655] {dag_processing.py:1071} INFO - Finding 'running' jobs without a recent heartbeat
[2023-02-15 22:46:34,658] {dag_processing.py:1075} INFO - Failing jobs without heartbeat after 2023-02-15 22:41:34.658312+00:00
[2023-02-15 22:46:44,706] {dag_processing.py:1071} INFO - Finding 'running' jobs without a recent heartbeat
[2023-02-15 22:46:44,708] {dag_processing.py:1075} INFO - Failing jobs without heartbeat after 2023-02-15 22:41:44.708094+00:00
[2023-02-15 22:46:54,719] {dag_processing.py:1071} INFO - Finding 'running' jobs without a recent heartbeat
[2023-02-15 22:46:54,722] {dag_processing.py:1075} INFO - Failing jobs without heartbeat after 2023-02-15 22:41:54.722310+00:00
[2023-02-15 22:47:04,745] {dag_processing.py:1071} INFO - Finding 'running' jobs without a recent heartbeat
[2023-02-15 22:47:04,748] {dag_processing.py:1075} INFO - Failing jobs without heartbeat after 2023-02-15 22:42:04.748284+00:00
[2023-02-15 22:47:14,794] {dag_processing.py:1071} INFO - Finding 'running' jobs without a recent heartbeat
[2023-02-15 22:47:14,798] {dag_processing.py:1075} INFO - Failing jobs without heartbeat after 2023-02-15 22:42:14.798299+00:00
[2023-02-15 22:47:24,824] {dag_processing.py:1071} INFO - Finding 'running' jobs without a recent heartbeat
[2023-02-15 22:47:24,828] {dag_processing.py:1075} INFO - Failing jobs without heartbeat after 2023-02-15 22:42:24.828837+00:00
[2023-02-15 22:47:34,869] {dag_processing.py:1071} INFO - Finding 'running' jobs without a recent heartbeat
[2023-02-15 22:47:34,872] {dag_processing.py:1075} INFO - Failing jobs without heartbeat after 2023-02-15 22:42:34.871960+00:00
[2023-02-15 22:47:44,920] {dag_processing.py:1071} INFO - Finding 'running' jobs without a recent heartbeat
[2023-02-15 22:47:44,922] {dag_processing.py:1075} INFO - Failing jobs without heartbeat after 2023-02-15 22:42:44.922153+00:00
[2023-02-15 22:47:54,955] {dag_processing.py:1071} INFO - Finding 'running' jobs without a recent heartbeat
[2023-02-15 22:47:54,958] {dag_processing.py:1075} INFO - Failing jobs without heartbeat after 2023-02-15 22:42:54.958259+00:00
[2023-02-15 22:48:04,990] {dag_processing.py:1071} INFO - Finding 'running' jobs without a recent heartbeat
[2023-02-15 22:48:04,992] {dag_processing.py:1075} INFO - Failing jobs without heartbeat after 2023-02-15 22:43:04.992091+00:00
[2023-02-15 22:48:15,026] {dag_processing.py:1071} INFO - Finding 'running' jobs without a recent heartbeat
[2023-02-15 22:48:15,029] {dag_processing.py:1075} INFO - Failing jobs without heartbeat after 2023-02-15 22:43:15.029683+00:00
[2023-02-15 22:48:25,061] {dag_processing.py:1071} INFO - Finding 'running' jobs without a recent heartbeat
[2023-02-15 22:48:25,063] {dag_processing.py:1075} INFO - Failing jobs without heartbeat after 2023-02-15 22:43:25.063594+00:00
[2023-02-15 22:48:35,099] {dag_processing.py:1071} INFO - Finding 'running' jobs without a recent heartbeat
[2023-02-15 22:48:35,101] {dag_processing.py:1075} INFO - Failing jobs without heartbeat after 2023-02-15 22:43:35.101580+00:00
[2023-02-15 22:48:45,149] {dag_processing.py:1071} INFO - Finding 'running' jobs without a recent heartbeat
[2023-02-15 22:48:45,153] {dag_processing.py:1075} INFO - Failing jobs without heartbeat after 2023-02-15 22:43:45.153080+00:00
[2023-02-15 22:48:55,181] {dag_processing.py:1071} INFO - Finding 'running' jobs without a recent heartbeat
[2023-02-15 22:48:55,185] {dag_processing.py:1075} INFO - Failing jobs without heartbeat after 2023-02-15 22:43:55.185285+00:00
[2023-02-15 22:49:05,223] {dag_processing.py:1071} INFO - Finding 'running' jobs without a recent heartbeat
[2023-02-15 22:49:05,225] {dag_processing.py:1075} INFO - Failing jobs without heartbeat after 2023-02-15 22:44:05.225780+00:00
[2023-02-15 22:49:11,258] {dag_processing.py:731} INFO - Searching for files in /opt/airflow/dags
[2023-02-15 22:49:11,264] {dag_processing.py:734} INFO - There are 0 files in /opt/airflow/dags
[2023-02-15 22:49:15,288] {dag_processing.py:1071} INFO - Finding 'running' jobs without a recent heartbeat
[2023-02-15 22:49:15,290] {dag_processing.py:1075} INFO - Failing jobs without heartbeat after 2023-02-15 22:44:15.290803+00:00
[2023-02-15 22:49:25,316] {dag_processing.py:1071} INFO - Finding 'running' jobs without a recent heartbeat
[2023-02-15 22:49:25,319] {dag_processing.py:1075} INFO - Failing jobs without heartbeat after 2023-02-15 22:44:25.319412+00:00
[2023-02-15 22:49:35,353] {dag_processing.py:1071} INFO - Finding 'running' jobs without a recent heartbeat
[2023-02-15 22:49:35,355] {dag_processing.py:1075} INFO - Failing jobs without heartbeat after 2023-02-15 22:44:35.355070+00:00
[2023-02-15 22:49:45,396] {dag_processing.py:1071} INFO - Finding 'running' jobs without a recent heartbeat
[2023-02-15 22:49:45,400] {dag_processing.py:1075} INFO - Failing jobs without heartbeat after 2023-02-15 22:44:45.400007+00:00
[2023-02-15 22:49:55,418] {dag_processing.py:1071} INFO - Finding 'running' jobs without a recent heartbeat
[2023-02-15 22:49:55,421] {dag_processing.py:1075} INFO - Failing jobs without heartbeat after 2023-02-15 22:44:55.421430+00:00
[2023-02-15 22:50:05,453] {dag_processing.py:1071} INFO - Finding 'running' jobs without a recent heartbeat
[2023-02-15 22:50:05,455] {dag_processing.py:1075} INFO - Failing jobs without heartbeat after 2023-02-15 22:45:05.455427+00:00
[2023-02-15 22:50:15,504] {dag_processing.py:1071} INFO - Finding 'running' jobs without a recent heartbeat
[2023-02-15 22:50:15,507] {dag_processing.py:1075} INFO - Failing jobs without heartbeat after 2023-02-15 22:45:15.507503+00:00
[2023-02-15 22:50:25,527] {dag_processing.py:1071} INFO - Finding 'running' jobs without a recent heartbeat
[2023-02-15 22:50:25,529] {dag_processing.py:1075} INFO - Failing jobs without heartbeat after 2023-02-15 22:45:25.529074+00:00
[2023-02-15 22:50:35,561] {dag_processing.py:1071} INFO - Finding 'running' jobs without a recent heartbeat
[2023-02-15 22:50:35,564] {dag_processing.py:1075} INFO - Failing jobs without heartbeat after 2023-02-15 22:45:35.563988+00:00
[2023-02-15 22:50:45,571] {dag_processing.py:1071} INFO - Finding 'running' jobs without a recent heartbeat
[2023-02-15 22:50:45,573] {dag_processing.py:1075} INFO - Failing jobs without heartbeat after 2023-02-15 22:45:45.573413+00:00
[2023-02-15 22:50:55,618] {dag_processing.py:1071} INFO - Finding 'running' jobs without a recent heartbeat
[2023-02-15 22:50:55,621] {dag_processing.py:1075} INFO - Failing jobs without heartbeat after 2023-02-15 22:45:55.621563+00:00
[2023-02-15 22:51:05,656] {dag_processing.py:1071} INFO - Finding 'running' jobs without a recent heartbeat
[2023-02-15 22:51:05,658] {dag_processing.py:1075} INFO - Failing jobs without heartbeat after 2023-02-15 22:46:05.658423+00:00
[2023-02-15 22:51:15,682] {dag_processing.py:1071} INFO - Finding 'running' jobs without a recent heartbeat
[2023-02-15 22:51:15,685] {dag_processing.py:1075} INFO - Failing jobs without heartbeat after 2023-02-15 22:46:15.685191+00:00
[2023-02-15 22:51:25,727] {dag_processing.py:1071} INFO - Finding 'running' jobs without a recent heartbeat
[2023-02-15 22:51:25,730] {dag_processing.py:1075} INFO - Failing jobs without heartbeat after 2023-02-15 22:46:25.730240+00:00
[2023-02-15 22:51:35,767] {dag_processing.py:1071} INFO - Finding 'running' jobs without a recent heartbeat
[2023-02-15 22:51:35,769] {dag_processing.py:1075} INFO - Failing jobs without heartbeat after 2023-02-15 22:46:35.769732+00:00
[2023-02-15 22:51:45,790] {dag_processing.py:1071} INFO - Finding 'running' jobs without a recent heartbeat
[2023-02-15 22:51:45,793] {dag_processing.py:1075} INFO - Failing jobs without heartbeat after 2023-02-15 22:46:45.793226+00:00
[2023-02-15 22:51:55,836] {dag_processing.py:1071} INFO - Finding 'running' jobs without a recent heartbeat
[2023-02-15 22:51:55,839] {dag_processing.py:1075} INFO - Failing jobs without heartbeat after 2023-02-15 22:46:55.839358+00:00
[2023-02-15 22:52:05,879] {dag_processing.py:1071} INFO - Finding 'running' jobs without a recent heartbeat
[2023-02-15 22:52:05,882] {dag_processing.py:1075} INFO - Failing jobs without heartbeat after 2023-02-15 22:47:05.882445+00:00
[2023-02-15 22:52:15,897] {dag_processing.py:1071} INFO - Finding 'running' jobs without a recent heartbeat
[2023-02-15 22:52:15,899] {dag_processing.py:1075} INFO - Failing jobs without heartbeat after 2023-02-15 22:47:15.899636+00:00
